
*** Running vivado
    with args -log top.vdi -applog -m64 -product Vivado -messageDb vivado.pb -mode batch -source top.tcl -notrace


****** Vivado v2019.2 (64-bit)
  **** SW Build 2708876 on Wed Nov  6 21:40:23 MST 2019
  **** IP Build 2700528 on Thu Nov  7 00:09:20 MST 2019
    ** Copyright 1986-2019 Xilinx, Inc. All Rights Reserved.

source top.tcl -notrace
INFO: [IP_Flow 19-234] Refreshing IP repositories
INFO: [IP_Flow 19-1700] Loaded user IP repository 'c:/fpga/servo_driver/servo/servo'.
INFO: [IP_Flow 19-2313] Loaded Vivado IP repository 'C:/Xilinx/Vivado/2019.2/data/ip'.
Command: link_design -top top -part xc7z020clg484-1
Design is defaulting to srcset: sources_1
Design is defaulting to constrset: constrs_1
INFO: [Device 21-403] Loading part xc7z020clg484-1
INFO: [Project 1-454] Reading design checkpoint 'c:/fpga/lab2/servo_top/servo_top.srcs/sources_1/bd/design_1/ip/design_1_DeBounce_0_0/design_1_DeBounce_0_0.dcp' for cell 'MULT/design_1_i/DeBounce_0'
INFO: [Project 1-454] Reading design checkpoint 'c:/fpga/lab2/servo_top/servo_top.srcs/sources_1/bd/design_1/ip/design_1_DeBounce_0_1/design_1_DeBounce_0_1.dcp' for cell 'MULT/design_1_i/DeBounce_1'
INFO: [Project 1-454] Reading design checkpoint 'c:/fpga/lab2/servo_top/servo_top.srcs/sources_1/bd/design_1/ip/design_1_DeBounce_0_2/design_1_DeBounce_0_2.dcp' for cell 'MULT/design_1_i/DeBounce_2'
INFO: [Project 1-454] Reading design checkpoint 'c:/fpga/lab2/servo_top/servo_top.srcs/sources_1/bd/design_1/ip/design_1_DeBounce_0_3/design_1_DeBounce_0_3.dcp' for cell 'MULT/design_1_i/DeBounce_3'
INFO: [Project 1-454] Reading design checkpoint 'c:/fpga/lab2/servo_top/servo_top.srcs/sources_1/bd/design_1/ip/design_1_clk_div_0_0/design_1_clk_div_0_0.dcp' for cell 'MULT/design_1_i/clk_div_0'
INFO: [Project 1-454] Reading design checkpoint 'c:/fpga/lab2/servo_top/servo_top.srcs/sources_1/bd/design_1/ip/design_1_pwm8_0_0/design_1_pwm8_0_0.dcp' for cell 'MULT/design_1_i/pwm8_0'
INFO: [Project 1-454] Reading design checkpoint 'c:/fpga/lab2/servo_top/servo_top.srcs/sources_1/bd/design_1/ip/design_1_servo_0_0/design_1_servo_0_0.dcp' for cell 'MULT/design_1_i/servo_0'
Netlist sorting complete. Time (s): cpu = 00:00:00 ; elapsed = 00:00:00.005 . Memory (MB): peak = 656.668 ; gain = 0.000
INFO: [Netlist 29-17] Analyzing 43 Unisim elements for replacement
INFO: [Netlist 29-28] Unisim Transformation completed in 0 CPU seconds
INFO: [Project 1-479] Netlist was created with Vivado 2019.2
INFO: [Project 1-570] Preparing netlist for logic optimization
Parsing XDC File [C:/fpga/lab2/servo_top/servo_top.srcs/constrs_1/new/board.xdc]
WARNING: [Vivado 12-584] No ports matched 'sw[0]'. [C:/fpga/lab2/servo_top/servo_top.srcs/constrs_1/new/board.xdc:237]
CRITICAL WARNING: [Common 17-55] 'set_property' expects at least one object. [C:/fpga/lab2/servo_top/servo_top.srcs/constrs_1/new/board.xdc:237]
Resolution: If [get_<value>] was used to populate the object, check to make sure this command returns at least one valid object.
WARNING: [Vivado 12-584] No ports matched 'sw[1]'. [C:/fpga/lab2/servo_top/servo_top.srcs/constrs_1/new/board.xdc:238]
CRITICAL WARNING: [Common 17-55] 'set_property' expects at least one object. [C:/fpga/lab2/servo_top/servo_top.srcs/constrs_1/new/board.xdc:238]
Resolution: If [get_<value>] was used to populate the object, check to make sure this command returns at least one valid object.
WARNING: [Vivado 12-584] No ports matched 'sw[2]'. [C:/fpga/lab2/servo_top/servo_top.srcs/constrs_1/new/board.xdc:239]
CRITICAL WARNING: [Common 17-55] 'set_property' expects at least one object. [C:/fpga/lab2/servo_top/servo_top.srcs/constrs_1/new/board.xdc:239]
Resolution: If [get_<value>] was used to populate the object, check to make sure this command returns at least one valid object.
WARNING: [Vivado 12-584] No ports matched 'sw[3]'. [C:/fpga/lab2/servo_top/servo_top.srcs/constrs_1/new/board.xdc:240]
CRITICAL WARNING: [Common 17-55] 'set_property' expects at least one object. [C:/fpga/lab2/servo_top/servo_top.srcs/constrs_1/new/board.xdc:240]
Resolution: If [get_<value>] was used to populate the object, check to make sure this command returns at least one valid object.
WARNING: [Vivado 12-584] No ports matched 'sw[4]'. [C:/fpga/lab2/servo_top/servo_top.srcs/constrs_1/new/board.xdc:241]
CRITICAL WARNING: [Common 17-55] 'set_property' expects at least one object. [C:/fpga/lab2/servo_top/servo_top.srcs/constrs_1/new/board.xdc:241]
Resolution: If [get_<value>] was used to populate the object, check to make sure this command returns at least one valid object.
WARNING: [Vivado 12-584] No ports matched 'sw[5]'. [C:/fpga/lab2/servo_top/servo_top.srcs/constrs_1/new/board.xdc:242]
CRITICAL WARNING: [Common 17-55] 'set_property' expects at least one object. [C:/fpga/lab2/servo_top/servo_top.srcs/constrs_1/new/board.xdc:242]
Resolution: If [get_<value>] was used to populate the object, check to make sure this command returns at least one valid object.
WARNING: [Vivado 12-584] No ports matched 'sw[6]'. [C:/fpga/lab2/servo_top/servo_top.srcs/constrs_1/new/board.xdc:243]
CRITICAL WARNING: [Common 17-55] 'set_property' expects at least one object. [C:/fpga/lab2/servo_top/servo_top.srcs/constrs_1/new/board.xdc:243]
Resolution: If [get_<value>] was used to populate the object, check to make sure this command returns at least one valid object.
WARNING: [Vivado 12-584] No ports matched 'sw[7]'. [C:/fpga/lab2/servo_top/servo_top.srcs/constrs_1/new/board.xdc:244]
CRITICAL WARNING: [Common 17-55] 'set_property' expects at least one object. [C:/fpga/lab2/servo_top/servo_top.srcs/constrs_1/new/board.xdc:244]
Resolution: If [get_<value>] was used to populate the object, check to make sure this command returns at least one valid object.
WARNING: [Vivado 12-584] No ports matched '[get_ports -of_objects [get_iobanks 35]]'. [C:/fpga/lab2/servo_top/servo_top.srcs/constrs_1/new/board.xdc:372]
CRITICAL WARNING: [Common 17-55] 'set_property' expects at least one object. [C:/fpga/lab2/servo_top/servo_top.srcs/constrs_1/new/board.xdc:372]
Resolution: If [get_<value>] was used to populate the object, check to make sure this command returns at least one valid object.
Finished Parsing XDC File [C:/fpga/lab2/servo_top/servo_top.srcs/constrs_1/new/board.xdc]
INFO: [Opt 31-138] Pushed 0 inverter(s) to 0 load pin(s).
Netlist sorting complete. Time (s): cpu = 00:00:00 ; elapsed = 00:00:00 . Memory (MB): peak = 778.145 ; gain = 0.000
INFO: [Project 1-111] Unisim Transformation Summary:
No Unisim elements were transformed.

17 Infos, 9 Warnings, 9 Critical Warnings and 0 Errors encountered.
link_design completed successfully
link_design: Time (s): cpu = 00:00:07 ; elapsed = 00:00:09 . Memory (MB): peak = 778.145 ; gain = 436.098
Command: opt_design
Attempting to get a license for feature 'Implementation' and/or device 'xc7z020'
INFO: [Common 17-349] Got license for feature 'Implementation' and/or device 'xc7z020'
Running DRC as a precondition to command opt_design

Starting DRC Task
INFO: [DRC 23-27] Running DRC with 2 threads
INFO: [Project 1-461] DRC finished with 0 Errors
INFO: [Project 1-462] Please refer to the DRC report (report_drc) for more information.

Time (s): cpu = 00:00:01 ; elapsed = 00:00:00.740 . Memory (MB): peak = 801.719 ; gain = 23.574

Starting Cache Timing Information Task
INFO: [Timing 38-35] Done setting XDC timing constraints.
Ending Cache Timing Information Task | Checksum: 142bb5fca

Time (s): cpu = 00:00:11 ; elapsed = 00:00:10 . Memory (MB): peak = 1347.492 ; gain = 545.773

Starting Logic Optimization Task

Phase 1 Retarget
INFO: [Opt 31-138] Pushed 2 inverter(s) to 9 load pin(s).
INFO: [Opt 31-49] Retargeted 0 cell(s).
Phase 1 Retarget | Checksum: 15fd7f2c5

Time (s): cpu = 00:00:00 ; elapsed = 00:00:00.046 . Memory (MB): peak = 1540.613 ; gain = 0.000
INFO: [Opt 31-389] Phase Retarget created 7 cells and removed 14 cells

Phase 2 Constant propagation
INFO: [Opt 31-138] Pushed 0 inverter(s) to 0 load pin(s).
Phase 2 Constant propagation | Checksum: f1e47b22

Time (s): cpu = 00:00:00 ; elapsed = 00:00:00.060 . Memory (MB): peak = 1540.613 ; gain = 0.000
INFO: [Opt 31-389] Phase Constant propagation created 10 cells and removed 11 cells

Phase 3 Sweep
Phase 3 Sweep | Checksum: 17111bf54

Time (s): cpu = 00:00:00 ; elapsed = 00:00:00.103 . Memory (MB): peak = 1540.613 ; gain = 0.000
INFO: [Opt 31-389] Phase Sweep created 7 cells and removed 0 cells

Phase 4 BUFG optimization
INFO: [Opt 31-1112] Starts optimizing BUFG(s) with a common MMCM/DPLL/XPLL driver.
INFO: [Opt 31-1112] Starts optimizing BUFG(s) with a common driver.
INFO: [Opt 31-1092] Phase BUFG optimization transformed 0 BUFG(s) to MBUFG(s).
Phase 4 BUFG optimization | Checksum: 17111bf54

Time (s): cpu = 00:00:00 ; elapsed = 00:00:00.114 . Memory (MB): peak = 1540.613 ; gain = 0.000
INFO: [Opt 31-662] Phase BUFG optimization created 0 cells of which 0 are BUFGs and removed 0 cells.

Phase 5 Shift Register Optimization
INFO: [Opt 31-1064] SRL Remap converted 0 SRLs to 0 registers and converted 0 registers of register chains to 0 SRLs
Phase 5 Shift Register Optimization | Checksum: 17111bf54

Time (s): cpu = 00:00:00 ; elapsed = 00:00:00.120 . Memory (MB): peak = 1540.613 ; gain = 0.000
INFO: [Opt 31-389] Phase Shift Register Optimization created 0 cells and removed 0 cells

Phase 6 Post Processing Netlist
Phase 6 Post Processing Netlist | Checksum: d5f3ecd2

Time (s): cpu = 00:00:00 ; elapsed = 00:00:00.125 . Memory (MB): peak = 1540.613 ; gain = 0.000
INFO: [Opt 31-389] Phase Post Processing Netlist created 0 cells and removed 0 cells
Opt_design Change Summary
=========================


-------------------------------------------------------------------------------------------------------------------------
|  Phase                        |  #Cells created  |  #Cells Removed  |  #Constrained objects preventing optimizations  |
-------------------------------------------------------------------------------------------------------------------------
|  Retarget                     |               7  |              14  |                                              0  |
|  Constant propagation         |              10  |              11  |                                              0  |
|  Sweep                        |               7  |               0  |                                              0  |
|  BUFG optimization            |               0  |               0  |                                              0  |
|  Shift Register Optimization  |               0  |               0  |                                              0  |
|  Post Processing Netlist      |               0  |               0  |                                              0  |
-------------------------------------------------------------------------------------------------------------------------



Starting Connectivity Check Task

Time (s): cpu = 00:00:00 ; elapsed = 00:00:00.002 . Memory (MB): peak = 1540.613 ; gain = 0.000
Ending Logic Optimization Task | Checksum: 16034be1a

Time (s): cpu = 00:00:00 ; elapsed = 00:00:00.157 . Memory (MB): peak = 1540.613 ; gain = 0.000

Starting Power Optimization Task
INFO: [Pwropt 34-132] Skipping clock gating for clocks with a period < 2.00 ns.
Ending Power Optimization Task | Checksum: 16034be1a

Time (s): cpu = 00:00:00 ; elapsed = 00:00:00.011 . Memory (MB): peak = 1540.613 ; gain = 0.000

Starting Final Cleanup Task
Ending Final Cleanup Task | Checksum: 16034be1a

Time (s): cpu = 00:00:00 ; elapsed = 00:00:00 . Memory (MB): peak = 1540.613 ; gain = 0.000

Starting Netlist Obfuscation Task
Netlist sorting complete. Time (s): cpu = 00:00:00 ; elapsed = 00:00:00.001 . Memory (MB): peak = 1540.613 ; gain = 0.000
Ending Netlist Obfuscation Task | Checksum: 16034be1a

Time (s): cpu = 00:00:00 ; elapsed = 00:00:00.001 . Memory (MB): peak = 1540.613 ; gain = 0.000
INFO: [Common 17-83] Releasing license: Implementation
37 Infos, 9 Warnings, 9 Critical Warnings and 0 Errors encountered.
opt_design completed successfully
opt_design: Time (s): cpu = 00:00:14 ; elapsed = 00:00:14 . Memory (MB): peak = 1540.613 ; gain = 762.469
Netlist sorting complete. Time (s): cpu = 00:00:00 ; elapsed = 00:00:00.001 . Memory (MB): peak = 1540.613 ; gain = 0.000
INFO: [Timing 38-480] Writing timing data to binary archive.
Writing placer database...
Writing XDEF routing.
Writing XDEF routing logical nets.
Writing XDEF routing special nets.
Write XDEF Complete: Time (s): cpu = 00:00:01 ; elapsed = 00:00:00.126 . Memory (MB): peak = 1540.613 ; gain = 0.000
INFO: [Common 17-1381] The checkpoint 'C:/fpga/lab2/servo_top/servo_top.runs/impl_1/top_opt.dcp' has been generated.
INFO: [runtcl-4] Executing : report_drc -file top_drc_opted.rpt -pb top_drc_opted.pb -rpx top_drc_opted.rpx
Command: report_drc -file top_drc_opted.rpt -pb top_drc_opted.pb -rpx top_drc_opted.rpx
INFO: [IP_Flow 19-1839] IP Catalog is up to date.
INFO: [DRC 23-27] Running DRC with 2 threads
INFO: [Coretcl 2-168] The results of DRC are in file C:/fpga/lab2/servo_top/servo_top.runs/impl_1/top_drc_opted.rpt.
report_drc completed successfully
Command: place_design
Attempting to get a license for feature 'Implementation' and/or device 'xc7z020'
INFO: [Common 17-349] Got license for feature 'Implementation' and/or device 'xc7z020'
INFO: [DRC 23-27] Running DRC with 2 threads
INFO: [Vivado_Tcl 4-198] DRC finished with 0 Errors
INFO: [Vivado_Tcl 4-199] Please refer to the DRC report (report_drc) for more information.
Running DRC as a precondition to command place_design
INFO: [DRC 23-27] Running DRC with 2 threads
INFO: [Vivado_Tcl 4-198] DRC finished with 0 Errors
INFO: [Vivado_Tcl 4-199] Please refer to the DRC report (report_drc) for more information.

Starting Placer Task
INFO: [Place 30-611] Multithreading enabled for place_design using a maximum of 2 CPUs

Phase 1 Placer Initialization

Phase 1.1 Placer Initialization Netlist Sorting
Netlist sorting complete. Time (s): cpu = 00:00:00 ; elapsed = 00:00:00.001 . Memory (MB): peak = 1540.613 ; gain = 0.000
Phase 1.1 Placer Initialization Netlist Sorting | Checksum: 874d48e9

Time (s): cpu = 00:00:00 ; elapsed = 00:00:00.006 . Memory (MB): peak = 1540.613 ; gain = 0.000
Netlist sorting complete. Time (s): cpu = 00:00:00 ; elapsed = 00:00:00.001 . Memory (MB): peak = 1540.613 ; gain = 0.000

Phase 1.2 IO Placement/ Clock Placement/ Build Placer Device
INFO: [Timing 38-35] Done setting XDC timing constraints.
Phase 1.2 IO Placement/ Clock Placement/ Build Placer Device | Checksum: 17f43d77b

Time (s): cpu = 00:00:00 ; elapsed = 00:00:00.529 . Memory (MB): peak = 1540.613 ; gain = 0.000

Phase 1.3 Build Placer Netlist Model
Phase 1.3 Build Placer Netlist Model | Checksum: 1d3d16a69

Time (s): cpu = 00:00:00 ; elapsed = 00:00:00.573 . Memory (MB): peak = 1540.613 ; gain = 0.000

Phase 1.4 Constrain Clocks/Macros
Phase 1.4 Constrain Clocks/Macros | Checksum: 1d3d16a69

Time (s): cpu = 00:00:00 ; elapsed = 00:00:00.576 . Memory (MB): peak = 1540.613 ; gain = 0.000
Phase 1 Placer Initialization | Checksum: 1d3d16a69

Time (s): cpu = 00:00:00 ; elapsed = 00:00:00.579 . Memory (MB): peak = 1540.613 ; gain = 0.000

Phase 2 Global Placement

Phase 2.1 Floorplanning
Phase 2.1 Floorplanning | Checksum: 1d3d16a69

Time (s): cpu = 00:00:01 ; elapsed = 00:00:00.581 . Memory (MB): peak = 1540.613 ; gain = 0.000

Phase 2.2 Global Placement Core
WARNING: [Place 46-29] place_design is not in timing mode. Skip physical synthesis in placer
Phase 2.2 Global Placement Core | Checksum: 26455e3a5

Time (s): cpu = 00:00:02 ; elapsed = 00:00:02 . Memory (MB): peak = 1540.613 ; gain = 0.000
Phase 2 Global Placement | Checksum: 26455e3a5

Time (s): cpu = 00:00:02 ; elapsed = 00:00:02 . Memory (MB): peak = 1540.613 ; gain = 0.000

Phase 3 Detail Placement

Phase 3.1 Commit Multi Column Macros
Phase 3.1 Commit Multi Column Macros | Checksum: 26455e3a5

Time (s): cpu = 00:00:02 ; elapsed = 00:00:02 . Memory (MB): peak = 1540.613 ; gain = 0.000

Phase 3.2 Commit Most Macros & LUTRAMs
Phase 3.2 Commit Most Macros & LUTRAMs | Checksum: 1cbf25e38

Time (s): cpu = 00:00:02 ; elapsed = 00:00:02 . Memory (MB): peak = 1540.613 ; gain = 0.000

Phase 3.3 Area Swap Optimization
Phase 3.3 Area Swap Optimization | Checksum: 254f5ccee

Time (s): cpu = 00:00:02 ; elapsed = 00:00:02 . Memory (MB): peak = 1540.613 ; gain = 0.000

Phase 3.4 Pipeline Register Optimization
Phase 3.4 Pipeline Register Optimization | Checksum: 254f5ccee

Time (s): cpu = 00:00:02 ; elapsed = 00:00:02 . Memory (MB): peak = 1540.613 ; gain = 0.000

Phase 3.5 Small Shape Detail Placement
Phase 3.5 Small Shape Detail Placement | Checksum: 1d391b448

Time (s): cpu = 00:00:03 ; elapsed = 00:00:02 . Memory (MB): peak = 1540.613 ; gain = 0.000

Phase 3.6 Re-assign LUT pins
Phase 3.6 Re-assign LUT pins | Checksum: 1d391b448

Time (s): cpu = 00:00:03 ; elapsed = 00:00:02 . Memory (MB): peak = 1540.613 ; gain = 0.000

Phase 3.7 Pipeline Register Optimization
Phase 3.7 Pipeline Register Optimization | Checksum: 1d391b448

Time (s): cpu = 00:00:03 ; elapsed = 00:00:02 . Memory (MB): peak = 1540.613 ; gain = 0.000
Phase 3 Detail Placement | Checksum: 1d391b448

Time (s): cpu = 00:00:03 ; elapsed = 00:00:02 . Memory (MB): peak = 1540.613 ; gain = 0.000

Phase 4 Post Placement Optimization and Clean-Up

Phase 4.1 Post Commit Optimization
Phase 4.1 Post Commit Optimization | Checksum: 1d391b448

Time (s): cpu = 00:00:03 ; elapsed = 00:00:02 . Memory (MB): peak = 1540.613 ; gain = 0.000

Phase 4.2 Post Placement Cleanup
Phase 4.2 Post Placement Cleanup | Checksum: 1d391b448

Time (s): cpu = 00:00:03 ; elapsed = 00:00:02 . Memory (MB): peak = 1540.613 ; gain = 0.000

Phase 4.3 Placer Reporting
Phase 4.3 Placer Reporting | Checksum: 1d391b448

Time (s): cpu = 00:00:03 ; elapsed = 00:00:02 . Memory (MB): peak = 1540.613 ; gain = 0.000

Phase 4.4 Final Placement Cleanup
Netlist sorting complete. Time (s): cpu = 00:00:00 ; elapsed = 00:00:00 . Memory (MB): peak = 1540.613 ; gain = 0.000
Phase 4.4 Final Placement Cleanup | Checksum: 1ce8e09ee

Time (s): cpu = 00:00:03 ; elapsed = 00:00:02 . Memory (MB): peak = 1540.613 ; gain = 0.000
Phase 4 Post Placement Optimization and Clean-Up | Checksum: 1ce8e09ee

Time (s): cpu = 00:00:03 ; elapsed = 00:00:02 . Memory (MB): peak = 1540.613 ; gain = 0.000
Ending Placer Task | Checksum: 19fe3347b

Time (s): cpu = 00:00:03 ; elapsed = 00:00:02 . Memory (MB): peak = 1540.613 ; gain = 0.000
INFO: [Common 17-83] Releasing license: Implementation
53 Infos, 10 Warnings, 9 Critical Warnings and 0 Errors encountered.
place_design completed successfully
Netlist sorting complete. Time (s): cpu = 00:00:00 ; elapsed = 00:00:00 . Memory (MB): peak = 1540.613 ; gain = 0.000
INFO: [Timing 38-480] Writing timing data to binary archive.
Writing placer database...
Writing XDEF routing.
Writing XDEF routing logical nets.
Writing XDEF routing special nets.
Write XDEF Complete: Time (s): cpu = 00:00:00 ; elapsed = 00:00:00.108 . Memory (MB): peak = 1540.613 ; gain = 0.000
INFO: [Common 17-1381] The checkpoint 'C:/fpga/lab2/servo_top/servo_top.runs/impl_1/top_placed.dcp' has been generated.
INFO: [runtcl-4] Executing : report_io -file top_io_placed.rpt
report_io: Time (s): cpu = 00:00:00 ; elapsed = 00:00:00.064 . Memory (MB): peak = 1540.613 ; gain = 0.000
INFO: [runtcl-4] Executing : report_utilization -file top_utilization_placed.rpt -pb top_utilization_placed.pb
INFO: [runtcl-4] Executing : report_control_sets -verbose -file top_control_sets_placed.rpt
report_control_sets: Time (s): cpu = 00:00:00 ; elapsed = 00:00:00.002 . Memory (MB): peak = 1540.613 ; gain = 0.000
Command: phys_opt_design
Attempting to get a license for feature 'Implementation' and/or device 'xc7z020'
INFO: [Common 17-349] Got license for feature 'Implementation' and/or device 'xc7z020'
INFO: [Vivado_Tcl 4-235] No timing constraint found. The netlist was not modified.
INFO: [Common 17-83] Releasing license: Implementation
61 Infos, 10 Warnings, 9 Critical Warnings and 0 Errors encountered.
phys_opt_design completed successfully
Netlist sorting complete. Time (s): cpu = 00:00:00 ; elapsed = 00:00:00.001 . Memory (MB): peak = 1557.598 ; gain = 0.000
INFO: [Timing 38-480] Writing timing data to binary archive.
Writing placer database...
Writing XDEF routing.
Writing XDEF routing logical nets.
Writing XDEF routing special nets.
Write XDEF Complete: Time (s): cpu = 00:00:01 ; elapsed = 00:00:00.088 . Memory (MB): peak = 1575.461 ; gain = 17.863
INFO: [Common 17-1381] The checkpoint 'C:/fpga/lab2/servo_top/servo_top.runs/impl_1/top_physopt.dcp' has been generated.
Command: route_design
Attempting to get a license for feature 'Implementation' and/or device 'xc7z020'
INFO: [Common 17-349] Got license for feature 'Implementation' and/or device 'xc7z020'
Running DRC as a precondition to command route_design
INFO: [DRC 23-27] Running DRC with 2 threads
INFO: [Vivado_Tcl 4-198] DRC finished with 0 Errors
INFO: [Vivado_Tcl 4-199] Please refer to the DRC report (report_drc) for more information.


Starting Routing Task
INFO: [Route 35-254] Multithreading enabled for route_design using a maximum of 2 CPUs
Checksum: PlaceDB: ad4d21f9 ConstDB: 0 ShapeSum: f2961282 RouteDB: 0

Phase 1 Build RT Design
Phase 1 Build RT Design | Checksum: 44e88e0c

Time (s): cpu = 00:00:33 ; elapsed = 00:00:29 . Memory (MB): peak = 1680.836 ; gain = 96.359
Post Restoration Checksum: NetGraph: 2a411e86 NumContArr: 1aa76f86 Constraints: 0 Timing: 0

Phase 2 Router Initialization
INFO: [Route 35-64] No timing constraints were detected. The router will operate in resource-optimization mode.

Phase 2.1 Fix Topology Constraints
Phase 2.1 Fix Topology Constraints | Checksum: 44e88e0c

Time (s): cpu = 00:00:33 ; elapsed = 00:00:29 . Memory (MB): peak = 1687.605 ; gain = 103.129

Phase 2.2 Pre Route Cleanup
Phase 2.2 Pre Route Cleanup | Checksum: 44e88e0c

Time (s): cpu = 00:00:33 ; elapsed = 00:00:29 . Memory (MB): peak = 1687.605 ; gain = 103.129
 Number of Nodes with overlaps = 0
Phase 2 Router Initialization | Checksum: de4d7fe3

Time (s): cpu = 00:00:33 ; elapsed = 00:00:29 . Memory (MB): peak = 1700.848 ; gain = 116.371

Router Utilization Summary
  Global Vertical Routing Utilization    = 0 %
  Global Horizontal Routing Utilization  = 0 %
  Routable Net Status*
  *Does not include unroutable nets such as driverless and loadless.
  Run report_route_status for detailed report.
  Number of Failed Nets               = 339
    (Failed Nets is the sum of unrouted and partially routed nets)
  Number of Unrouted Nets             = 339
  Number of Partially Routed Nets     = 0
  Number of Node Overlaps             = 0


Phase 3 Initial Routing
Phase 3 Initial Routing | Checksum: 18475daa6

Time (s): cpu = 00:00:33 ; elapsed = 00:00:29 . Memory (MB): peak = 1700.848 ; gain = 116.371

Phase 4 Rip-up And Reroute

Phase 4.1 Global Iteration 0
 Number of Nodes with overlaps = 13
 Number of Nodes with overlaps = 0
Phase 4.1 Global Iteration 0 | Checksum: 59261612

Time (s): cpu = 00:00:33 ; elapsed = 00:00:29 . Memory (MB): peak = 1700.848 ; gain = 116.371
Phase 4 Rip-up And Reroute | Checksum: 59261612

Time (s): cpu = 00:00:33 ; elapsed = 00:00:29 . Memory (MB): peak = 1700.848 ; gain = 116.371

Phase 5 Delay and Skew Optimization
Phase 5 Delay and Skew Optimization | Checksum: 59261612

Time (s): cpu = 00:00:33 ; elapsed = 00:00:29 . Memory (MB): peak = 1700.848 ; gain = 116.371

Phase 6 Post Hold Fix

Phase 6.1 Hold Fix Iter
Phase 6.1 Hold Fix Iter | Checksum: 59261612

Time (s): cpu = 00:00:33 ; elapsed = 00:00:29 . Memory (MB): peak = 1700.848 ; gain = 116.371
Phase 6 Post Hold Fix | Checksum: 59261612

Time (s): cpu = 00:00:33 ; elapsed = 00:00:29 . Memory (MB): peak = 1700.848 ; gain = 116.371

Phase 7 Route finalize

Router Utilization Summary
  Global Vertical Routing Utilization    = 0.0275966 %
  Global Horizontal Routing Utilization  = 0.0344828 %
  Routable Net Status*
  *Does not include unroutable nets such as driverless and loadless.
  Run report_route_status for detailed report.
  Number of Failed Nets               = 0
    (Failed Nets is the sum of unrouted and partially routed nets)
  Number of Unrouted Nets             = 0
  Number of Partially Routed Nets     = 0
  Number of Node Overlaps             = 0

Congestion Report
North Dir 1x1 Area, Max Cong = 14.4144%, No Congested Regions.
South Dir 1x1 Area, Max Cong = 12.6126%, No Congested Regions.
East Dir 1x1 Area, Max Cong = 17.6471%, No Congested Regions.
West Dir 1x1 Area, Max Cong = 20.5882%, No Congested Regions.

------------------------------
Reporting congestion hotspots
------------------------------
Direction: North
----------------
Congested clusters found at Level 0
Effective congestion level: 0 Aspect Ratio: 1 Sparse Ratio: 0
Direction: South
----------------
Congested clusters found at Level 0
Effective congestion level: 0 Aspect Ratio: 1 Sparse Ratio: 0
Direction: East
----------------
Congested clusters found at Level 0
Effective congestion level: 0 Aspect Ratio: 1 Sparse Ratio: 0
Direction: West
----------------
Congested clusters found at Level 0
Effective congestion level: 0 Aspect Ratio: 1 Sparse Ratio: 0

Phase 7 Route finalize | Checksum: 59261612

Time (s): cpu = 00:00:33 ; elapsed = 00:00:29 . Memory (MB): peak = 1700.848 ; gain = 116.371

Phase 8 Verifying routed nets

 Verification completed successfully
Phase 8 Verifying routed nets | Checksum: 59261612

Time (s): cpu = 00:00:33 ; elapsed = 00:00:29 . Memory (MB): peak = 1701.852 ; gain = 117.375

Phase 9 Depositing Routes
Phase 9 Depositing Routes | Checksum: d09c6982

Time (s): cpu = 00:00:33 ; elapsed = 00:00:29 . Memory (MB): peak = 1701.852 ; gain = 117.375
INFO: [Route 35-16] Router Completed Successfully

Time (s): cpu = 00:00:33 ; elapsed = 00:00:29 . Memory (MB): peak = 1701.852 ; gain = 117.375

Routing Is Done.
INFO: [Common 17-83] Releasing license: Implementation
71 Infos, 10 Warnings, 9 Critical Warnings and 0 Errors encountered.
route_design completed successfully
route_design: Time (s): cpu = 00:00:34 ; elapsed = 00:00:30 . Memory (MB): peak = 1701.852 ; gain = 126.391
Netlist sorting complete. Time (s): cpu = 00:00:00 ; elapsed = 00:00:00 . Memory (MB): peak = 1701.852 ; gain = 0.000
INFO: [Timing 38-480] Writing timing data to binary archive.
Writing placer database...
Writing XDEF routing.
Writing XDEF routing logical nets.
Writing XDEF routing special nets.
Write XDEF Complete: Time (s): cpu = 00:00:00 ; elapsed = 00:00:00.099 . Memory (MB): peak = 1711.730 ; gain = 9.879
INFO: [Common 17-1381] The checkpoint 'C:/fpga/lab2/servo_top/servo_top.runs/impl_1/top_routed.dcp' has been generated.
INFO: [runtcl-4] Executing : report_drc -file top_drc_routed.rpt -pb top_drc_routed.pb -rpx top_drc_routed.rpx
Command: report_drc -file top_drc_routed.rpt -pb top_drc_routed.pb -rpx top_drc_routed.rpx
INFO: [IP_Flow 19-1839] IP Catalog is up to date.
INFO: [DRC 23-27] Running DRC with 2 threads
INFO: [Coretcl 2-168] The results of DRC are in file C:/fpga/lab2/servo_top/servo_top.runs/impl_1/top_drc_routed.rpt.
report_drc completed successfully
INFO: [runtcl-4] Executing : report_methodology -file top_methodology_drc_routed.rpt -pb top_methodology_drc_routed.pb -rpx top_methodology_drc_routed.rpx
Command: report_methodology -file top_methodology_drc_routed.rpt -pb top_methodology_drc_routed.pb -rpx top_methodology_drc_routed.rpx
INFO: [Timing 38-35] Done setting XDC timing constraints.
INFO: [DRC 23-133] Running Methodology with 2 threads
INFO: [Coretcl 2-1520] The results of Report Methodology are in file C:/fpga/lab2/servo_top/servo_top.runs/impl_1/top_methodology_drc_routed.rpt.
report_methodology completed successfully
INFO: [runtcl-4] Executing : report_power -file top_power_routed.rpt -pb top_power_summary_routed.pb -rpx top_power_routed.rpx
Command: report_power -file top_power_routed.rpt -pb top_power_summary_routed.pb -rpx top_power_routed.rpx
INFO: [Timing 38-35] Done setting XDC timing constraints.
WARNING: [Power 33-232] No user defined clocks were found in the design! Power estimation will be inaccurate until this is corrected.
Resolution: Please specify clocks using create_clock/create_generated_clock for sequential elements. For pure combinatorial circuits, please specify a virtual clock, otherwise the vectorless estimation might be inaccurate
Running Vector-less Activity Propagation...

Finished Running Vector-less Activity Propagation
83 Infos, 11 Warnings, 9 Critical Warnings and 0 Errors encountered.
report_power completed successfully
INFO: [runtcl-4] Executing : report_route_status -file top_route_status.rpt -pb top_route_status.pb
INFO: [runtcl-4] Executing : report_timing_summary -max_paths 10 -file top_timing_summary_routed.rpt -pb top_timing_summary_routed.pb -rpx top_timing_summary_routed.rpx -warn_on_violation 
INFO: [Timing 38-91] UpdateTimingParams: Speed grade: -1, Delay Type: min_max.
INFO: [Timing 38-191] Multithreading enabled for timing update using a maximum of 2 CPUs
WARNING: [Timing 38-313] There are no user specified timing constraints. Timing constraints are needed for proper timing analysis.
INFO: [runtcl-4] Executing : report_incremental_reuse -file top_incremental_reuse_routed.rpt
INFO: [Vivado_Tcl 4-1062] Incremental flow is disabled. No incremental reuse Info to report.
INFO: [runtcl-4] Executing : report_clock_utilization -file top_clock_utilization_routed.rpt
INFO: [runtcl-4] Executing : report_bus_skew -warn_on_violation -file top_bus_skew_routed.rpt -pb top_bus_skew_routed.pb -rpx top_bus_skew_routed.rpx
INFO: [Timing 38-91] UpdateTimingParams: Speed grade: -1, Delay Type: min_max.
INFO: [Timing 38-191] Multithreading enabled for timing update using a maximum of 2 CPUs
Command: write_bitstream -force top.bit
Attempting to get a license for feature 'Implementation' and/or device 'xc7z020'
INFO: [Common 17-349] Got license for feature 'Implementation' and/or device 'xc7z020'
Running DRC as a precondition to command write_bitstream
INFO: [IP_Flow 19-1839] IP Catalog is up to date.
INFO: [DRC 23-27] Running DRC with 2 threads
WARNING: [DRC ZPS7-1] PS7 block required: The PS7 cell must be used in this Zynq design in order to enable correct default configuration.
INFO: [Vivado 12-3199] DRC finished with 0 Errors, 1 Warnings
INFO: [Vivado 12-3200] Please refer to the DRC report (report_drc) for more information.
INFO: [Designutils 20-2272] Running write_bitstream with 2 threads.
Loading data files...
Loading site data...
Loading route data...
Processing options...
Creating bitmap...
Creating bitstream...
Writing bitstream ./top.bit...
INFO: [Vivado 12-1842] Bitgen Completed Successfully.
INFO: [Project 1-120] WebTalk data collection is mandatory when using a WebPACK part without a full Vivado license. To see the specific WebTalk data collected for your design, open the usage_statistics_webtalk.html or usage_statistics_webtalk.xml file in the implementation directory.
INFO: [Common 17-186] 'C:/fpga/lab2/servo_top/servo_top.runs/impl_1/usage_statistics_webtalk.xml' has been successfully sent to Xilinx on Mon Feb 17 20:04:54 2020. For additional details about this file, please refer to the WebTalk help file at C:/Xilinx/Vivado/2019.2/doc/webtalk_introduction.html.
INFO: [Common 17-83] Releasing license: Implementation
103 Infos, 13 Warnings, 9 Critical Warnings and 0 Errors encountered.
write_bitstream completed successfully
write_bitstream: Time (s): cpu = 00:00:17 ; elapsed = 00:00:19 . Memory (MB): peak = 2163.418 ; gain = 422.918
INFO: [Common 17-206] Exiting Vivado at Mon Feb 17 20:04:54 2020...
