

================================================================
== Vivado HLS Report for 'servo'
================================================================
* Date:           Mon Feb 10 09:15:09 2020

* Version:        2019.2 (Build 2704478 on Wed Nov 06 22:10:23 MST 2019)
* Project:        servo
* Solution:       servoSolution
* Product family: zynq
* Target device:  xc7z020-clg484-1


================================================================
== Performance Estimates
================================================================
+ Timing: 
    * Summary: 
    +--------+----------+----------+------------+
    |  Clock |  Target  | Estimated| Uncertainty|
    +--------+----------+----------+------------+
    |ap_clk  | 10.00 ns | 7.737 ns |   1.25 ns  |
    +--------+----------+----------+------------+

+ Latency: 
    * Summary: 
    +---------+---------+-----------+-----------+-----+-----+---------+
    |  Latency (cycles) |   Latency (absolute)  |  Interval | Pipeline|
    |   min   |   max   |    min    |    max    | min | max |   Type  |
    +---------+---------+-----------+-----------+-----+-----+---------+
    |        1|        1| 10.000 ns | 10.000 ns |    1|    1|   none  |
    +---------+---------+-----------+-----------+-----+-----+---------+

    + Detail: 
        * Instance: 
        N/A

        * Loop: 
        N/A



================================================================
== Utilization Estimates
================================================================
* Summary: 
+-----------------+---------+-------+--------+-------+-----+
|       Name      | BRAM_18K| DSP48E|   FF   |  LUT  | URAM|
+-----------------+---------+-------+--------+-------+-----+
|DSP              |        -|      -|       -|      -|    -|
|Expression       |        -|      -|       0|    205|    -|
|FIFO             |        -|      -|       -|      -|    -|
|Instance         |        -|      -|       -|      -|    -|
|Memory           |        -|      -|       -|      -|    -|
|Multiplexer      |        -|      -|       -|     15|    -|
|Register         |        -|      -|      31|      -|    -|
+-----------------+---------+-------+--------+-------+-----+
|Total            |        0|      0|      31|    220|    0|
+-----------------+---------+-------+--------+-------+-----+
|Available        |      280|    220|  106400|  53200|    0|
+-----------------+---------+-------+--------+-------+-----+
|Utilization (%)  |        0|      0|   ~0   |   ~0  |    0|
+-----------------+---------+-------+--------+-------+-----+

+ Detail: 
    * Instance: 
    N/A

    * DSP48E: 
    N/A

    * Memory: 
    N/A

    * FIFO: 
    N/A

    * Expression: 
    +-----------------------+----------+-------+---+----+------------+------------+
    |     Variable Name     | Operation| DSP48E| FF| LUT| Bitwidth P0| Bitwidth P1|
    +-----------------------+----------+-------+---+----+------------+------------+
    |add_ln13_fu_154_p2     |     +    |      0|  0|  15|           1|           5|
    |add_ln21_fu_246_p2     |     +    |      0|  0|  15|           8|           8|
    |add_ln9_fu_106_p2      |     +    |      0|  0|  13|           2|           4|
    |sub_ln17_fu_194_p2     |     -    |      0|  0|  15|           8|           8|
    |icmp_ln12_fu_132_p2    |   icmp   |      0|  0|  11|           8|           1|
    |icmp_ln13_fu_148_p2    |   icmp   |      0|  0|   8|           2|           1|
    |icmp_ln16_fu_184_p2    |   icmp   |      0|  0|  11|           8|           1|
    |icmp_ln20_fu_240_p2    |   icmp   |      0|  0|  11|           8|           1|
    |icmp_ln25_1_fu_265_p2  |   icmp   |      0|  0|  11|           8|           7|
    |icmp_ln25_fu_259_p2    |   icmp   |      0|  0|  11|           8|           7|
    |icmp_ln26_fu_210_p2    |   icmp   |      0|  0|   8|           2|           1|
    |icmp_ln8_fu_86_p2      |   icmp   |      0|  0|  11|           8|           1|
    |icmp_ln9_fu_100_p2     |   icmp   |      0|  0|   9|           4|           1|
    |dutyCycle              |  select  |      0|  0|   8|           1|           8|
    |select_ln12_fu_168_p3  |  select  |      0|  0|   5|           1|           5|
    |select_ln13_fu_160_p3  |  select  |      0|  0|   5|           1|           5|
    |select_ln16_fu_235_p3  |  select  |      0|  0|   8|           1|           8|
    |select_ln20_fu_251_p3  |  select  |      0|  0|   8|           1|           8|
    |select_ln25_fu_271_p3  |  select  |      0|  0|   8|           1|           7|
    |select_ln26_fu_216_p3  |  select  |      0|  0|   5|           1|           4|
    |select_ln8_fu_124_p3   |  select  |      0|  0|   5|           1|           5|
    |select_ln9_fu_112_p3   |  select  |      0|  0|   4|           1|           1|
    +-----------------------+----------+-------+---+----+------------+------------+
    |Total                  |          |      0|  0| 205|          84|          97|
    +-----------------------+----------+-------+---+----+------------+------------+

    * Multiplexer: 
    +-----------+----+-----------+-----+-----------+
    |    Name   | LUT| Input Size| Bits| Total Bits|
    +-----------+----+-----------+-----+-----------+
    |ap_NS_fsm  |  15|          3|    1|          3|
    +-----------+----+-----------+-----+-----------+
    |Total      |  15|          3|    1|          3|
    +-----------+----+-----------+-----+-----------+

    * Register: 
    +--------------------+---+----+-----+-----------+
    |        Name        | FF| LUT| Bits| Const Bits|
    +--------------------+---+----+-----+-----------+
    |ap_CS_fsm           |  2|   0|    2|          0|
    |current_duty_cycle  |  8|   0|    8|          0|
    |current_speed       |  4|   0|    4|          0|
    |icmp_ln16_reg_299   |  1|   0|    1|          0|
    |sext_ln12_reg_294   |  8|   0|    8|          0|
    |sub_ln17_reg_309    |  8|   0|    8|          0|
    +--------------------+---+----+-----+-----------+
    |Total               | 31|   0|   31|          0|
    +--------------------+---+----+-----+-----------+



================================================================
== Interface
================================================================
* Summary: 
+------------------+-----+-----+------------+--------------+--------------+
|     RTL Ports    | Dir | Bits|  Protocol  | Source Object|    C Type    |
+------------------+-----+-----+------------+--------------+--------------+
|ap_clk            |  in |    1| ap_ctrl_hs |     servo    | return value |
|ap_rst            |  in |    1| ap_ctrl_hs |     servo    | return value |
|ap_start          |  in |    1| ap_ctrl_hs |     servo    | return value |
|ap_done           | out |    1| ap_ctrl_hs |     servo    | return value |
|ap_idle           | out |    1| ap_ctrl_hs |     servo    | return value |
|ap_ready          | out |    1| ap_ctrl_hs |     servo    | return value |
|up                |  in |    8|   ap_none  |      up      |    pointer   |
|down              |  in |    8|   ap_none  |     down     |    pointer   |
|left_r            |  in |    8|   ap_none  |    left_r    |    pointer   |
|right_r           |  in |    8|   ap_none  |    right_r   |    pointer   |
|dutyCycle         | out |    8|   ap_vld   |   dutyCycle  |    pointer   |
|dutyCycle_ap_vld  | out |    1|   ap_vld   |   dutyCycle  |    pointer   |
|speed             | out |    8|   ap_vld   |     speed    |    pointer   |
|speed_ap_vld      | out |    1|   ap_vld   |     speed    |    pointer   |
+------------------+-----+-----+------------+--------------+--------------+

