#-----------------------------------------------------------
# xsim v2019.2 (64-bit)
# SW Build 2708876 on Wed Nov  6 21:40:23 MST 2019
# IP Build 2700528 on Thu Nov  7 00:09:20 MST 2019
# Start of session at: Mon Feb 10 08:33:35 2020
# Process ID: 13704
# Current directory: C:/fpga/servo_driver/servo/servo/servoSolution/sim/vhdl
# Command line: xsim.exe -mode tcl -source {xsim.dir/servo/xsim_script.tcl}
# Log file: C:/fpga/servo_driver/servo/servo/servoSolution/sim/vhdl/xsim.log
# Journal file: C:/fpga/servo_driver/servo/servo/servoSolution/sim/vhdl\xsim.jou
#-----------------------------------------------------------
source xsim.dir/servo/xsim_script.tcl
# xsim {servo} -autoloadwcfg -tclbatch {servo.tcl}
Vivado Simulator 2019.2
Time resolution is 1 ps
source servo.tcl
## run all
Note: simulation done!
Time: 185 ns  Iteration: 1  Process: /apatb_servo_top/generate_sim_done_proc  File: C:/fpga/servo_driver/servo/servo/servoSolution/sim/vhdl/servo.autotb.vhd
Failure: NORMAL EXIT (note: failure is to force the simulator to stop)
Time: 185 ns  Iteration: 1  Process: /apatb_servo_top/generate_sim_done_proc  File: C:/fpga/servo_driver/servo/servo/servoSolution/sim/vhdl/servo.autotb.vhd
$finish called at time : 185 ns
## quit
INFO: [Common 17-206] Exiting xsim at Mon Feb 10 08:33:44 2020...
