
*** Running vivado
    with args -log design_1_servo_0_0.vds -m64 -product Vivado -mode batch -messageDb vivado.pb -notrace -source design_1_servo_0_0.tcl


****** Vivado v2019.2 (64-bit)
  **** SW Build 2708876 on Wed Nov  6 21:40:23 MST 2019
  **** IP Build 2700528 on Thu Nov  7 00:09:20 MST 2019
    ** Copyright 1986-2019 Xilinx, Inc. All Rights Reserved.

source design_1_servo_0_0.tcl -notrace
INFO: [IP_Flow 19-234] Refreshing IP repositories
INFO: [IP_Flow 19-1700] Loaded user IP repository 'c:/fpga/servo_driver'.
INFO: [IP_Flow 19-2313] Loaded Vivado IP repository 'C:/Xilinx/Vivado/2019.2/data/ip'.
Command: synth_design -top design_1_servo_0_0 -part xc7z020clg484-1 -mode out_of_context
Starting synth_design
Attempting to get a license for feature 'Synthesis' and/or device 'xc7z020'
INFO: [Common 17-349] Got license for feature 'Synthesis' and/or device 'xc7z020'
INFO: [Device 21-403] Loading part xc7z020clg484-1
INFO: Launching helper process for spawning children vivado processes
INFO: Helper process launched with PID 6840 
---------------------------------------------------------------------------------
Starting RTL Elaboration : Time (s): cpu = 00:00:04 ; elapsed = 00:00:07 . Memory (MB): peak = 872.281 ; gain = 233.793
---------------------------------------------------------------------------------
INFO: [Synth 8-638] synthesizing module 'design_1_servo_0_0' [c:/fpga/lab2/project_1/project_1.srcs/sources_1/bd/design_1/ip/design_1_servo_0_0_1/synth/design_1_servo_0_0.vhd:75]
INFO: [Synth 8-3491] module 'servo' declared at 'c:/fpga/lab2/project_1/project_1.srcs/sources_1/bd/design_1/ipshared/3d30/hdl/vhdl/servo.vhd:12' bound to instance 'U0' of component 'servo' [c:/fpga/lab2/project_1/project_1.srcs/sources_1/bd/design_1/ip/design_1_servo_0_0_1/synth/design_1_servo_0_0.vhd:127]
INFO: [Synth 8-638] synthesizing module 'servo' [c:/fpga/lab2/project_1/project_1.srcs/sources_1/bd/design_1/ipshared/3d30/hdl/vhdl/servo.vhd:31]
INFO: [Synth 8-5534] Detected attribute (* fsm_encoding = "none" *) [c:/fpga/lab2/project_1/project_1.srcs/sources_1/bd/design_1/ipshared/3d30/hdl/vhdl/servo.vhd:57]
INFO: [Synth 8-5534] Detected attribute (* fsm_encoding = "none" *) [c:/fpga/lab2/project_1/project_1.srcs/sources_1/bd/design_1/ipshared/3d30/hdl/vhdl/servo.vhd:60]
INFO: [Synth 8-5534] Detected attribute (* fsm_encoding = "none" *) [c:/fpga/lab2/project_1/project_1.srcs/sources_1/bd/design_1/ipshared/3d30/hdl/vhdl/servo.vhd:76]
INFO: [Synth 8-5534] Detected attribute (* fsm_encoding = "none" *) [c:/fpga/lab2/project_1/project_1.srcs/sources_1/bd/design_1/ipshared/3d30/hdl/vhdl/servo.vhd:80]
INFO: [Synth 8-256] done synthesizing module 'servo' (1#1) [c:/fpga/lab2/project_1/project_1.srcs/sources_1/bd/design_1/ipshared/3d30/hdl/vhdl/servo.vhd:31]
INFO: [Synth 8-256] done synthesizing module 'design_1_servo_0_0' (2#1) [c:/fpga/lab2/project_1/project_1.srcs/sources_1/bd/design_1/ip/design_1_servo_0_0_1/synth/design_1_servo_0_0.vhd:75]
---------------------------------------------------------------------------------
Finished RTL Elaboration : Time (s): cpu = 00:00:06 ; elapsed = 00:00:09 . Memory (MB): peak = 945.645 ; gain = 307.156
---------------------------------------------------------------------------------

Report Check Netlist: 
+------+------------------+-------+---------+-------+------------------+
|      |Item              |Errors |Warnings |Status |Description       |
+------+------------------+-------+---------+-------+------------------+
|1     |multi_driven_nets |      0|        0|Passed |Multi driven nets |
+------+------------------+-------+---------+-------+------------------+
---------------------------------------------------------------------------------
Start Handling Custom Attributes
---------------------------------------------------------------------------------
---------------------------------------------------------------------------------
Finished Handling Custom Attributes : Time (s): cpu = 00:00:06 ; elapsed = 00:00:10 . Memory (MB): peak = 945.645 ; gain = 307.156
---------------------------------------------------------------------------------
---------------------------------------------------------------------------------
Finished RTL Optimization Phase 1 : Time (s): cpu = 00:00:06 ; elapsed = 00:00:10 . Memory (MB): peak = 945.645 ; gain = 307.156
---------------------------------------------------------------------------------
Netlist sorting complete. Time (s): cpu = 00:00:00 ; elapsed = 00:00:00.028 . Memory (MB): peak = 945.645 ; gain = 0.000
INFO: [Project 1-570] Preparing netlist for logic optimization

Processing XDC Constraints
Initializing timing engine
Parsing XDC File [c:/fpga/lab2/project_1/project_1.srcs/sources_1/bd/design_1/ip/design_1_servo_0_0_1/constraints/servo_ooc.xdc] for cell 'U0'
Finished Parsing XDC File [c:/fpga/lab2/project_1/project_1.srcs/sources_1/bd/design_1/ip/design_1_servo_0_0_1/constraints/servo_ooc.xdc] for cell 'U0'
Parsing XDC File [C:/fpga/lab2/project_1/project_1.runs/design_1_servo_0_0_synth_1/dont_touch.xdc]
Finished Parsing XDC File [C:/fpga/lab2/project_1/project_1.runs/design_1_servo_0_0_synth_1/dont_touch.xdc]
Completed Processing XDC Constraints

Netlist sorting complete. Time (s): cpu = 00:00:00 ; elapsed = 00:00:00 . Memory (MB): peak = 1062.203 ; gain = 0.000
INFO: [Project 1-111] Unisim Transformation Summary:
No Unisim elements were transformed.

Constraint Validation Runtime : Time (s): cpu = 00:00:00 ; elapsed = 00:00:00.339 . Memory (MB): peak = 1065.703 ; gain = 3.500
---------------------------------------------------------------------------------
Finished Constraint Validation : Time (s): cpu = 00:00:14 ; elapsed = 00:00:24 . Memory (MB): peak = 1065.703 ; gain = 427.215
---------------------------------------------------------------------------------
---------------------------------------------------------------------------------
Start Loading Part and Timing Information
---------------------------------------------------------------------------------
Loading part: xc7z020clg484-1
---------------------------------------------------------------------------------
Finished Loading Part and Timing Information : Time (s): cpu = 00:00:14 ; elapsed = 00:00:24 . Memory (MB): peak = 1065.703 ; gain = 427.215
---------------------------------------------------------------------------------
---------------------------------------------------------------------------------
Start Applying 'set_property' XDC Constraints
---------------------------------------------------------------------------------
Applied set_property DONT_TOUCH = true for U0. (constraint file  C:/fpga/lab2/project_1/project_1.runs/design_1_servo_0_0_synth_1/dont_touch.xdc, line 9).
---------------------------------------------------------------------------------
Finished applying 'set_property' XDC Constraints : Time (s): cpu = 00:00:14 ; elapsed = 00:00:24 . Memory (MB): peak = 1065.703 ; gain = 427.215
---------------------------------------------------------------------------------
INFO: [Synth 8-4490] FSM extraction disabled for register 'ap_CS_fsm_reg' through user attribute
---------------------------------------------------------------------------------
Finished RTL Optimization Phase 2 : Time (s): cpu = 00:00:14 ; elapsed = 00:00:25 . Memory (MB): peak = 1065.703 ; gain = 427.215
---------------------------------------------------------------------------------

Report RTL Partitions: 
+-+--------------+------------+----------+
| |RTL Partition |Replication |Instances |
+-+--------------+------------+----------+
+-+--------------+------------+----------+
---------------------------------------------------------------------------------
Start RTL Component Statistics 
---------------------------------------------------------------------------------
Detailed RTL Component Info : 
+---Adders : 
	   2 Input      8 Bit       Adders := 3     
	   3 Input      8 Bit       Adders := 1     
+---Registers : 
	                8 Bit    Registers := 4     
	                7 Bit    Registers := 1     
	                3 Bit    Registers := 1     
	                1 Bit    Registers := 3     
+---Muxes : 
	   2 Input      8 Bit        Muxes := 2     
	   2 Input      7 Bit        Muxes := 3     
	   4 Input      3 Bit        Muxes := 1     
	   2 Input      2 Bit        Muxes := 1     
	   2 Input      1 Bit        Muxes := 6     
---------------------------------------------------------------------------------
Finished RTL Component Statistics 
---------------------------------------------------------------------------------
---------------------------------------------------------------------------------
Start RTL Hierarchical Component Statistics 
---------------------------------------------------------------------------------
Hierarchical RTL Component report 
Module servo 
Detailed RTL Component Info : 
+---Adders : 
	   2 Input      8 Bit       Adders := 3     
	   3 Input      8 Bit       Adders := 1     
+---Registers : 
	                8 Bit    Registers := 4     
	                7 Bit    Registers := 1     
	                3 Bit    Registers := 1     
	                1 Bit    Registers := 3     
+---Muxes : 
	   2 Input      8 Bit        Muxes := 2     
	   2 Input      7 Bit        Muxes := 3     
	   4 Input      3 Bit        Muxes := 1     
	   2 Input      2 Bit        Muxes := 1     
	   2 Input      1 Bit        Muxes := 6     
---------------------------------------------------------------------------------
Finished RTL Hierarchical Component Statistics
---------------------------------------------------------------------------------
---------------------------------------------------------------------------------
Start Part Resource Summary
---------------------------------------------------------------------------------
Part Resources:
DSPs: 220 (col length:60)
BRAMs: 280 (col length: RAMB18 60 RAMB36 30)
---------------------------------------------------------------------------------
Finished Part Resource Summary
---------------------------------------------------------------------------------
---------------------------------------------------------------------------------
Start Cross Boundary and Area Optimization
---------------------------------------------------------------------------------
Warning: Parallel synthesis criteria is not met 
INFO: [Synth 8-3886] merging instance 'U0/trunc_ln16_reg_314_reg[0]' (FDE) to 'U0/select_ln12_reg_306_reg[0]'
INFO: [Synth 8-3886] merging instance 'U0/trunc_ln16_reg_314_reg[1]' (FDE) to 'U0/select_ln12_reg_306_reg[1]'
INFO: [Synth 8-3886] merging instance 'U0/trunc_ln16_reg_314_reg[2]' (FDE) to 'U0/select_ln12_reg_306_reg[2]'
INFO: [Synth 8-3886] merging instance 'U0/trunc_ln16_reg_314_reg[3]' (FDE) to 'U0/select_ln12_reg_306_reg[3]'
INFO: [Synth 8-3886] merging instance 'U0/trunc_ln16_reg_314_reg[4]' (FDE) to 'U0/select_ln12_reg_306_reg[4]'
INFO: [Synth 8-3886] merging instance 'U0/trunc_ln16_reg_314_reg[5]' (FDE) to 'U0/select_ln12_reg_306_reg[5]'
INFO: [Synth 8-3886] merging instance 'U0/trunc_ln16_reg_314_reg[6]' (FDE) to 'U0/select_ln12_reg_306_reg[6]'
---------------------------------------------------------------------------------
Finished Cross Boundary and Area Optimization : Time (s): cpu = 00:00:16 ; elapsed = 00:00:28 . Memory (MB): peak = 1065.703 ; gain = 427.215
---------------------------------------------------------------------------------

Report RTL Partitions: 
+-+--------------+------------+----------+
| |RTL Partition |Replication |Instances |
+-+--------------+------------+----------+
+-+--------------+------------+----------+
---------------------------------------------------------------------------------
Start Applying XDC Timing Constraints
---------------------------------------------------------------------------------
---------------------------------------------------------------------------------
Finished Applying XDC Timing Constraints : Time (s): cpu = 00:00:25 ; elapsed = 00:00:37 . Memory (MB): peak = 1065.703 ; gain = 427.215
---------------------------------------------------------------------------------
---------------------------------------------------------------------------------
Start Timing Optimization
---------------------------------------------------------------------------------
---------------------------------------------------------------------------------
Finished Timing Optimization : Time (s): cpu = 00:00:25 ; elapsed = 00:00:37 . Memory (MB): peak = 1065.703 ; gain = 427.215
---------------------------------------------------------------------------------

Report RTL Partitions: 
+-+--------------+------------+----------+
| |RTL Partition |Replication |Instances |
+-+--------------+------------+----------+
+-+--------------+------------+----------+
---------------------------------------------------------------------------------
Start Technology Mapping
---------------------------------------------------------------------------------
---------------------------------------------------------------------------------
Finished Technology Mapping : Time (s): cpu = 00:00:25 ; elapsed = 00:00:37 . Memory (MB): peak = 1065.703 ; gain = 427.215
---------------------------------------------------------------------------------

Report RTL Partitions: 
+-+--------------+------------+----------+
| |RTL Partition |Replication |Instances |
+-+--------------+------------+----------+
+-+--------------+------------+----------+
---------------------------------------------------------------------------------
Start IO Insertion
---------------------------------------------------------------------------------
---------------------------------------------------------------------------------
Start Flattening Before IO Insertion
---------------------------------------------------------------------------------
---------------------------------------------------------------------------------
Finished Flattening Before IO Insertion
---------------------------------------------------------------------------------
---------------------------------------------------------------------------------
Start Final Netlist Cleanup
---------------------------------------------------------------------------------
---------------------------------------------------------------------------------
Finished Final Netlist Cleanup
---------------------------------------------------------------------------------
---------------------------------------------------------------------------------
Finished IO Insertion : Time (s): cpu = 00:00:31 ; elapsed = 00:00:43 . Memory (MB): peak = 1065.703 ; gain = 427.215
---------------------------------------------------------------------------------
---------------------------------------------------------------------------------
Start Renaming Generated Instances
---------------------------------------------------------------------------------
---------------------------------------------------------------------------------
Finished Renaming Generated Instances : Time (s): cpu = 00:00:31 ; elapsed = 00:00:43 . Memory (MB): peak = 1065.703 ; gain = 427.215
---------------------------------------------------------------------------------

Report RTL Partitions: 
+-+--------------+------------+----------+
| |RTL Partition |Replication |Instances |
+-+--------------+------------+----------+
+-+--------------+------------+----------+

Report Check Netlist: 
+------+------------------+-------+---------+-------+------------------+
|      |Item              |Errors |Warnings |Status |Description       |
+------+------------------+-------+---------+-------+------------------+
|1     |multi_driven_nets |      0|        0|Passed |Multi driven nets |
+------+------------------+-------+---------+-------+------------------+
---------------------------------------------------------------------------------
Start Rebuilding User Hierarchy
---------------------------------------------------------------------------------
---------------------------------------------------------------------------------
Finished Rebuilding User Hierarchy : Time (s): cpu = 00:00:31 ; elapsed = 00:00:43 . Memory (MB): peak = 1065.703 ; gain = 427.215
---------------------------------------------------------------------------------
---------------------------------------------------------------------------------
Start Renaming Generated Ports
---------------------------------------------------------------------------------
---------------------------------------------------------------------------------
Finished Renaming Generated Ports : Time (s): cpu = 00:00:31 ; elapsed = 00:00:43 . Memory (MB): peak = 1065.703 ; gain = 427.215
---------------------------------------------------------------------------------
---------------------------------------------------------------------------------
Start Handling Custom Attributes
---------------------------------------------------------------------------------
---------------------------------------------------------------------------------
Finished Handling Custom Attributes : Time (s): cpu = 00:00:31 ; elapsed = 00:00:43 . Memory (MB): peak = 1065.703 ; gain = 427.215
---------------------------------------------------------------------------------
---------------------------------------------------------------------------------
Start Renaming Generated Nets
---------------------------------------------------------------------------------
---------------------------------------------------------------------------------
Finished Renaming Generated Nets : Time (s): cpu = 00:00:31 ; elapsed = 00:00:43 . Memory (MB): peak = 1065.703 ; gain = 427.215
---------------------------------------------------------------------------------
---------------------------------------------------------------------------------
Start Writing Synthesis Report
---------------------------------------------------------------------------------

Report BlackBoxes: 
+-+--------------+----------+
| |BlackBox name |Instances |
+-+--------------+----------+
+-+--------------+----------+

Report Cell Usage: 
+------+-------+------+
|      |Cell   |Count |
+------+-------+------+
|1     |CARRY4 |     4|
|2     |LUT1   |     1|
|3     |LUT2   |     9|
|4     |LUT3   |    17|
|5     |LUT4   |    11|
|6     |LUT5   |    12|
|7     |LUT6   |    12|
|8     |FDRE   |    36|
+------+-------+------+

Report Instance Areas: 
+------+---------+-------+------+
|      |Instance |Module |Cells |
+------+---------+-------+------+
|1     |top      |       |   102|
|2     |  U0     |servo  |   102|
+------+---------+-------+------+
---------------------------------------------------------------------------------
Finished Writing Synthesis Report : Time (s): cpu = 00:00:31 ; elapsed = 00:00:43 . Memory (MB): peak = 1065.703 ; gain = 427.215
---------------------------------------------------------------------------------
Synthesis finished with 0 errors, 0 critical warnings and 0 warnings.
Synthesis Optimization Runtime : Time (s): cpu = 00:00:22 ; elapsed = 00:00:35 . Memory (MB): peak = 1065.703 ; gain = 307.156
Synthesis Optimization Complete : Time (s): cpu = 00:00:31 ; elapsed = 00:00:43 . Memory (MB): peak = 1065.703 ; gain = 427.215
INFO: [Project 1-571] Translating synthesized netlist
Netlist sorting complete. Time (s): cpu = 00:00:00 ; elapsed = 00:00:00.002 . Memory (MB): peak = 1065.703 ; gain = 0.000
INFO: [Netlist 29-17] Analyzing 4 Unisim elements for replacement
INFO: [Netlist 29-28] Unisim Transformation completed in 0 CPU seconds
INFO: [Project 1-570] Preparing netlist for logic optimization
INFO: [Opt 31-138] Pushed 0 inverter(s) to 0 load pin(s).
Netlist sorting complete. Time (s): cpu = 00:00:00 ; elapsed = 00:00:00 . Memory (MB): peak = 1065.703 ; gain = 0.000
INFO: [Project 1-111] Unisim Transformation Summary:
No Unisim elements were transformed.

INFO: [Common 17-83] Releasing license: Synthesis
31 Infos, 0 Warnings, 0 Critical Warnings and 0 Errors encountered.
synth_design completed successfully
synth_design: Time (s): cpu = 00:00:37 ; elapsed = 00:00:54 . Memory (MB): peak = 1065.703 ; gain = 727.656
Netlist sorting complete. Time (s): cpu = 00:00:00 ; elapsed = 00:00:00 . Memory (MB): peak = 1065.703 ; gain = 0.000
WARNING: [Constraints 18-5210] No constraints selected for write.
Resolution: This message can indicate that there are no constraints for the design, or it can indicate that the used_in flags are set such that the constraints are ignored. This later case is used when running synth_design to not write synthesis constraints to the resulting checkpoint. Instead, project constraints are read when the synthesized design is opened.
INFO: [Common 17-1381] The checkpoint 'C:/fpga/lab2/project_1/project_1.runs/design_1_servo_0_0_synth_1/design_1_servo_0_0.dcp' has been generated.
WARNING: [Common 17-576] 'use_project_ipc' is deprecated. This option is deprecated and no longer used.
INFO: [Coretcl 2-1648] Added synthesis output to IP cache for IP design_1_servo_0_0, cache-ID = 7e1b0097f8aa8e41
Netlist sorting complete. Time (s): cpu = 00:00:00 ; elapsed = 00:00:00 . Memory (MB): peak = 1065.703 ; gain = 0.000
WARNING: [Constraints 18-5210] No constraints selected for write.
Resolution: This message can indicate that there are no constraints for the design, or it can indicate that the used_in flags are set such that the constraints are ignored. This later case is used when running synth_design to not write synthesis constraints to the resulting checkpoint. Instead, project constraints are read when the synthesized design is opened.
INFO: [Common 17-1381] The checkpoint 'C:/fpga/lab2/project_1/project_1.runs/design_1_servo_0_0_synth_1/design_1_servo_0_0.dcp' has been generated.
INFO: [runtcl-4] Executing : report_utilization -file design_1_servo_0_0_utilization_synth.rpt -pb design_1_servo_0_0_utilization_synth.pb
INFO: [Common 17-206] Exiting Vivado at Wed Feb  5 09:55:57 2020...
