
*** Running vivado
    with args -log top.vds -m64 -product Vivado -mode batch -messageDb vivado.pb -notrace -source top.tcl


****** Vivado v2019.2 (64-bit)
  **** SW Build 2708876 on Wed Nov  6 21:40:23 MST 2019
  **** IP Build 2700528 on Thu Nov  7 00:09:20 MST 2019
    ** Copyright 1986-2019 Xilinx, Inc. All Rights Reserved.

source top.tcl -notrace
INFO: [IP_Flow 19-234] Refreshing IP repositories
INFO: [IP_Flow 19-1700] Loaded user IP repository 'c:/fpga/servo_driver'.
INFO: [IP_Flow 19-2313] Loaded Vivado IP repository 'C:/Xilinx/Vivado/2019.2/data/ip'.
WARNING: [BD 41-1661] One or more IPs have been locked in the design 'design_1.bd'. Please run report_ip_status for more details and recommendations on how to fix this issue.
List of locked IPs:
design_1_servo_0_0

Command: synth_design -top top -part xc7z020clg484-1
Starting synth_design
WARNING: [Vivado_Tcl 4-393] The 'Synthesis' target of the following IPs are stale, please generate the output products using the generate_target or synth_ip command before running synth_design.
C:/fpga/lab2/project_1/project_1.srcs/sources_1/bd/design_1/design_1.bd

WARNING: [Vivado_Tcl 4-393] The 'Implementation' target of the following IPs are stale, please generate the output products using the generate_target or synth_ip command before running synth_design.
C:/fpga/lab2/project_1/project_1.srcs/sources_1/bd/design_1/design_1.bd

Attempting to get a license for feature 'Synthesis' and/or device 'xc7z020'
INFO: [Common 17-349] Got license for feature 'Synthesis' and/or device 'xc7z020'
INFO: [Device 21-403] Loading part xc7z020clg484-1
INFO: Launching helper process for spawning children vivado processes
INFO: Helper process launched with PID 4012 
---------------------------------------------------------------------------------
Starting RTL Elaboration : Time (s): cpu = 00:00:04 ; elapsed = 00:00:05 . Memory (MB): peak = 872.613 ; gain = 234.223
---------------------------------------------------------------------------------
INFO: [Synth 8-638] synthesizing module 'top' [C:/fpga/lab2/project_1/project_1.srcs/sources_1/new/top.vhd:29]
INFO: [Synth 8-3491] module 'design_1_wrapper' declared at 'C:/fpga/lab2/project_1/project_1.srcs/sources_1/bd/design_1/hdl/design_1_wrapper.vhd:14' bound to instance 'MULT' of component 'design_1_wrapper' [C:/fpga/lab2/project_1/project_1.srcs/sources_1/new/top.vhd:50]
INFO: [Synth 8-638] synthesizing module 'design_1_wrapper' [C:/fpga/lab2/project_1/project_1.srcs/sources_1/bd/design_1/hdl/design_1_wrapper.vhd:26]
INFO: [Synth 8-637] synthesizing blackbox instance 'design_1_i' of component 'design_1' [C:/fpga/lab2/project_1/project_1.srcs/sources_1/bd/design_1/hdl/design_1_wrapper.vhd:39]
INFO: [Synth 8-256] done synthesizing module 'design_1_wrapper' (1#1) [C:/fpga/lab2/project_1/project_1.srcs/sources_1/bd/design_1/hdl/design_1_wrapper.vhd:26]
INFO: [Synth 8-256] done synthesizing module 'top' (2#1) [C:/fpga/lab2/project_1/project_1.srcs/sources_1/new/top.vhd:29]
---------------------------------------------------------------------------------
Finished RTL Elaboration : Time (s): cpu = 00:00:05 ; elapsed = 00:00:06 . Memory (MB): peak = 945.879 ; gain = 307.488
---------------------------------------------------------------------------------

Report Check Netlist: 
+------+------------------+-------+---------+-------+------------------+
|      |Item              |Errors |Warnings |Status |Description       |
+------+------------------+-------+---------+-------+------------------+
|1     |multi_driven_nets |      0|        0|Passed |Multi driven nets |
+------+------------------+-------+---------+-------+------------------+
---------------------------------------------------------------------------------
Start Handling Custom Attributes
---------------------------------------------------------------------------------
---------------------------------------------------------------------------------
Finished Handling Custom Attributes : Time (s): cpu = 00:00:06 ; elapsed = 00:00:07 . Memory (MB): peak = 945.879 ; gain = 307.488
---------------------------------------------------------------------------------
---------------------------------------------------------------------------------
Finished RTL Optimization Phase 1 : Time (s): cpu = 00:00:06 ; elapsed = 00:00:07 . Memory (MB): peak = 945.879 ; gain = 307.488
---------------------------------------------------------------------------------
Netlist sorting complete. Time (s): cpu = 00:00:00 ; elapsed = 00:00:00.001 . Memory (MB): peak = 945.879 ; gain = 0.000
INFO: [Project 1-570] Preparing netlist for logic optimization

Processing XDC Constraints
Initializing timing engine
Parsing XDC File [C:/fpga/lab2/project_1/project_1.srcs/constrs_1/new/board.xdc]
WARNING: [Vivado 12-584] No ports matched 'JA1'. [C:/fpga/lab2/project_1/project_1.srcs/constrs_1/new/board.xdc:87]
WARNING: [Vivado 12-584] No ports matched 'sw[0]'. [C:/fpga/lab2/project_1/project_1.srcs/constrs_1/new/board.xdc:237]
WARNING: [Vivado 12-584] No ports matched 'sw[1]'. [C:/fpga/lab2/project_1/project_1.srcs/constrs_1/new/board.xdc:238]
WARNING: [Vivado 12-584] No ports matched 'sw[2]'. [C:/fpga/lab2/project_1/project_1.srcs/constrs_1/new/board.xdc:239]
WARNING: [Vivado 12-584] No ports matched 'sw[3]'. [C:/fpga/lab2/project_1/project_1.srcs/constrs_1/new/board.xdc:240]
WARNING: [Vivado 12-584] No ports matched 'sw[4]'. [C:/fpga/lab2/project_1/project_1.srcs/constrs_1/new/board.xdc:241]
WARNING: [Vivado 12-584] No ports matched 'sw[5]'. [C:/fpga/lab2/project_1/project_1.srcs/constrs_1/new/board.xdc:242]
WARNING: [Vivado 12-584] No ports matched 'sw[6]'. [C:/fpga/lab2/project_1/project_1.srcs/constrs_1/new/board.xdc:243]
WARNING: [Vivado 12-584] No ports matched 'sw[7]'. [C:/fpga/lab2/project_1/project_1.srcs/constrs_1/new/board.xdc:244]
WARNING: [Vivado 12-584] No ports matched '[get_ports -of_objects [get_iobanks 33]]'. [C:/fpga/lab2/project_1/project_1.srcs/constrs_1/new/board.xdc:362]
WARNING: [Vivado 12-584] No ports matched '[get_ports -of_objects [get_iobanks 34]]'. [C:/fpga/lab2/project_1/project_1.srcs/constrs_1/new/board.xdc:367]
WARNING: [Vivado 12-584] No ports matched '[get_ports -of_objects [get_iobanks 35]]'. [C:/fpga/lab2/project_1/project_1.srcs/constrs_1/new/board.xdc:372]
WARNING: [Vivado 12-584] No ports matched '[get_ports -of_objects [get_iobanks 13]]'. [C:/fpga/lab2/project_1/project_1.srcs/constrs_1/new/board.xdc:375]
Finished Parsing XDC File [C:/fpga/lab2/project_1/project_1.srcs/constrs_1/new/board.xdc]
WARNING: [Project 1-498] One or more constraints failed evaluation while reading constraint file [C:/fpga/lab2/project_1/project_1.srcs/constrs_1/new/board.xdc] and the design contains unresolved black boxes. These constraints will be read post-synthesis (as long as their source constraint file is marked as used_in_implementation) and should be applied correctly then. You should review the constraints listed in the file [.Xil/top_propImpl.xdc] and check the run log file to verify that these constraints were correctly applied.
INFO: [Project 1-236] Implementation specific constraints were found while reading constraint file [C:/fpga/lab2/project_1/project_1.srcs/constrs_1/new/board.xdc]. These constraints will be ignored for synthesis but will be used in implementation. Impacted constraints are listed in the file [.Xil/top_propImpl.xdc].
Resolution: To avoid this warning, move constraints listed in [.Xil/top_propImpl.xdc] to another XDC file and exclude this new file from synthesis with the used_in_synthesis property (File Properties dialog in GUI) and re-run elaboration/synthesis.
Parsing XDC File [C:/fpga/lab2/project_1/project_1.runs/synth_1/dont_touch.xdc]
Finished Parsing XDC File [C:/fpga/lab2/project_1/project_1.runs/synth_1/dont_touch.xdc]
Completed Processing XDC Constraints

Netlist sorting complete. Time (s): cpu = 00:00:00 ; elapsed = 00:00:00 . Memory (MB): peak = 1039.664 ; gain = 0.000
INFO: [Project 1-111] Unisim Transformation Summary:
No Unisim elements were transformed.

Constraint Validation Runtime : Time (s): cpu = 00:00:00 ; elapsed = 00:00:00.003 . Memory (MB): peak = 1039.664 ; gain = 0.000
---------------------------------------------------------------------------------
Finished Constraint Validation : Time (s): cpu = 00:00:13 ; elapsed = 00:00:14 . Memory (MB): peak = 1039.664 ; gain = 401.273
---------------------------------------------------------------------------------
---------------------------------------------------------------------------------
Start Loading Part and Timing Information
---------------------------------------------------------------------------------
Loading part: xc7z020clg484-1
---------------------------------------------------------------------------------
Finished Loading Part and Timing Information : Time (s): cpu = 00:00:13 ; elapsed = 00:00:14 . Memory (MB): peak = 1039.664 ; gain = 401.273
---------------------------------------------------------------------------------
---------------------------------------------------------------------------------
Start Applying 'set_property' XDC Constraints
---------------------------------------------------------------------------------
Applied set_property DONT_TOUCH = true for MULT/design_1_i. (constraint file  auto generated constraint, line ).
---------------------------------------------------------------------------------
Finished applying 'set_property' XDC Constraints : Time (s): cpu = 00:00:13 ; elapsed = 00:00:14 . Memory (MB): peak = 1039.664 ; gain = 401.273
---------------------------------------------------------------------------------
---------------------------------------------------------------------------------
Finished RTL Optimization Phase 2 : Time (s): cpu = 00:00:13 ; elapsed = 00:00:14 . Memory (MB): peak = 1039.664 ; gain = 401.273
---------------------------------------------------------------------------------

Report RTL Partitions: 
+-+--------------+------------+----------+
| |RTL Partition |Replication |Instances |
+-+--------------+------------+----------+
+-+--------------+------------+----------+
---------------------------------------------------------------------------------
Start RTL Component Statistics 
---------------------------------------------------------------------------------
Detailed RTL Component Info : 
+---Registers : 
	                8 Bit    Registers := 5     
---------------------------------------------------------------------------------
Finished RTL Component Statistics 
---------------------------------------------------------------------------------
---------------------------------------------------------------------------------
Start RTL Hierarchical Component Statistics 
---------------------------------------------------------------------------------
Hierarchical RTL Component report 
Module top 
Detailed RTL Component Info : 
+---Registers : 
	                8 Bit    Registers := 5     
---------------------------------------------------------------------------------
Finished RTL Hierarchical Component Statistics
---------------------------------------------------------------------------------
---------------------------------------------------------------------------------
Start Part Resource Summary
---------------------------------------------------------------------------------
Part Resources:
DSPs: 220 (col length:60)
BRAMs: 280 (col length: RAMB18 60 RAMB36 30)
---------------------------------------------------------------------------------
Finished Part Resource Summary
---------------------------------------------------------------------------------
---------------------------------------------------------------------------------
Start Cross Boundary and Area Optimization
---------------------------------------------------------------------------------
Warning: Parallel synthesis criteria is not met 
INFO: [Synth 8-3886] merging instance 'RIGHT_BTN_V_reg[0]' (FDSE) to 'RIGHT_BTN_V_reg[7]'
INFO: [Synth 8-3886] merging instance 'RIGHT_BTN_V_reg[1]' (FDSE) to 'RIGHT_BTN_V_reg[7]'
INFO: [Synth 8-3886] merging instance 'RIGHT_BTN_V_reg[2]' (FDSE) to 'RIGHT_BTN_V_reg[7]'
INFO: [Synth 8-3886] merging instance 'RIGHT_BTN_V_reg[3]' (FDSE) to 'RIGHT_BTN_V_reg[7]'
INFO: [Synth 8-3886] merging instance 'RIGHT_BTN_V_reg[4]' (FDSE) to 'RIGHT_BTN_V_reg[7]'
INFO: [Synth 8-3886] merging instance 'RIGHT_BTN_V_reg[5]' (FDSE) to 'RIGHT_BTN_V_reg[7]'
INFO: [Synth 8-3886] merging instance 'RIGHT_BTN_V_reg[6]' (FDSE) to 'RIGHT_BTN_V_reg[7]'
INFO: [Synth 8-3333] propagating constant 1 across sequential element (\RIGHT_BTN_V_reg[7] )
INFO: [Synth 8-3886] merging instance 'UP_BTN_V_reg[0]' (FDSE) to 'UP_BTN_V_reg[7]'
INFO: [Synth 8-3886] merging instance 'UP_BTN_V_reg[1]' (FDSE) to 'UP_BTN_V_reg[7]'
INFO: [Synth 8-3886] merging instance 'UP_BTN_V_reg[2]' (FDSE) to 'UP_BTN_V_reg[7]'
INFO: [Synth 8-3886] merging instance 'UP_BTN_V_reg[3]' (FDSE) to 'UP_BTN_V_reg[7]'
INFO: [Synth 8-3886] merging instance 'UP_BTN_V_reg[4]' (FDSE) to 'UP_BTN_V_reg[7]'
INFO: [Synth 8-3886] merging instance 'UP_BTN_V_reg[5]' (FDSE) to 'UP_BTN_V_reg[7]'
INFO: [Synth 8-3886] merging instance 'UP_BTN_V_reg[6]' (FDSE) to 'UP_BTN_V_reg[7]'
INFO: [Synth 8-3333] propagating constant 1 across sequential element (\UP_BTN_V_reg[7] )
INFO: [Synth 8-3886] merging instance 'DOWN_BTN_V_reg[0]' (FDSE) to 'DOWN_BTN_V_reg[7]'
INFO: [Synth 8-3886] merging instance 'DOWN_BTN_V_reg[1]' (FDSE) to 'DOWN_BTN_V_reg[7]'
INFO: [Synth 8-3886] merging instance 'DOWN_BTN_V_reg[2]' (FDSE) to 'DOWN_BTN_V_reg[7]'
INFO: [Synth 8-3886] merging instance 'DOWN_BTN_V_reg[3]' (FDSE) to 'DOWN_BTN_V_reg[7]'
INFO: [Synth 8-3886] merging instance 'DOWN_BTN_V_reg[4]' (FDSE) to 'DOWN_BTN_V_reg[7]'
INFO: [Synth 8-3886] merging instance 'DOWN_BTN_V_reg[5]' (FDSE) to 'DOWN_BTN_V_reg[7]'
INFO: [Synth 8-3886] merging instance 'DOWN_BTN_V_reg[6]' (FDSE) to 'DOWN_BTN_V_reg[7]'
INFO: [Synth 8-3333] propagating constant 1 across sequential element (\DOWN_BTN_V_reg[7] )
INFO: [Synth 8-3886] merging instance 'LEFT_BTN_V_reg[0]' (FDSE) to 'LEFT_BTN_V_reg[7]'
INFO: [Synth 8-3886] merging instance 'LEFT_BTN_V_reg[1]' (FDSE) to 'LEFT_BTN_V_reg[7]'
INFO: [Synth 8-3886] merging instance 'LEFT_BTN_V_reg[2]' (FDSE) to 'LEFT_BTN_V_reg[7]'
INFO: [Synth 8-3886] merging instance 'LEFT_BTN_V_reg[3]' (FDSE) to 'LEFT_BTN_V_reg[7]'
INFO: [Synth 8-3886] merging instance 'LEFT_BTN_V_reg[4]' (FDSE) to 'LEFT_BTN_V_reg[7]'
INFO: [Synth 8-3886] merging instance 'LEFT_BTN_V_reg[5]' (FDSE) to 'LEFT_BTN_V_reg[7]'
INFO: [Synth 8-3886] merging instance 'LEFT_BTN_V_reg[6]' (FDSE) to 'LEFT_BTN_V_reg[7]'
INFO: [Synth 8-3333] propagating constant 1 across sequential element (\LEFT_BTN_V_reg[7] )
---------------------------------------------------------------------------------
Finished Cross Boundary and Area Optimization : Time (s): cpu = 00:00:15 ; elapsed = 00:00:16 . Memory (MB): peak = 1039.664 ; gain = 401.273
---------------------------------------------------------------------------------

Report RTL Partitions: 
+-+--------------+------------+----------+
| |RTL Partition |Replication |Instances |
+-+--------------+------------+----------+
+-+--------------+------------+----------+
---------------------------------------------------------------------------------
Start Applying XDC Timing Constraints
---------------------------------------------------------------------------------
---------------------------------------------------------------------------------
Finished Applying XDC Timing Constraints : Time (s): cpu = 00:00:24 ; elapsed = 00:00:25 . Memory (MB): peak = 1039.664 ; gain = 401.273
---------------------------------------------------------------------------------
---------------------------------------------------------------------------------
Start Timing Optimization
---------------------------------------------------------------------------------
---------------------------------------------------------------------------------
Finished Timing Optimization : Time (s): cpu = 00:00:24 ; elapsed = 00:00:25 . Memory (MB): peak = 1039.664 ; gain = 401.273
---------------------------------------------------------------------------------

Report RTL Partitions: 
+-+--------------+------------+----------+
| |RTL Partition |Replication |Instances |
+-+--------------+------------+----------+
+-+--------------+------------+----------+
---------------------------------------------------------------------------------
Start Technology Mapping
---------------------------------------------------------------------------------
---------------------------------------------------------------------------------
Finished Technology Mapping : Time (s): cpu = 00:00:24 ; elapsed = 00:00:25 . Memory (MB): peak = 1039.664 ; gain = 401.273
---------------------------------------------------------------------------------

Report RTL Partitions: 
+-+--------------+------------+----------+
| |RTL Partition |Replication |Instances |
+-+--------------+------------+----------+
+-+--------------+------------+----------+
---------------------------------------------------------------------------------
Start IO Insertion
---------------------------------------------------------------------------------
---------------------------------------------------------------------------------
Start Flattening Before IO Insertion
---------------------------------------------------------------------------------
---------------------------------------------------------------------------------
Finished Flattening Before IO Insertion
---------------------------------------------------------------------------------
---------------------------------------------------------------------------------
Start Final Netlist Cleanup
---------------------------------------------------------------------------------
---------------------------------------------------------------------------------
Finished Final Netlist Cleanup
---------------------------------------------------------------------------------
---------------------------------------------------------------------------------
Finished IO Insertion : Time (s): cpu = 00:00:29 ; elapsed = 00:00:30 . Memory (MB): peak = 1039.664 ; gain = 401.273
---------------------------------------------------------------------------------
---------------------------------------------------------------------------------
Start Renaming Generated Instances
---------------------------------------------------------------------------------
---------------------------------------------------------------------------------
Finished Renaming Generated Instances : Time (s): cpu = 00:00:29 ; elapsed = 00:00:30 . Memory (MB): peak = 1039.664 ; gain = 401.273
---------------------------------------------------------------------------------

Report RTL Partitions: 
+-+--------------+------------+----------+
| |RTL Partition |Replication |Instances |
+-+--------------+------------+----------+
+-+--------------+------------+----------+

Report Check Netlist: 
+------+------------------+-------+---------+-------+------------------+
|      |Item              |Errors |Warnings |Status |Description       |
+------+------------------+-------+---------+-------+------------------+
|1     |multi_driven_nets |      0|        0|Passed |Multi driven nets |
+------+------------------+-------+---------+-------+------------------+
---------------------------------------------------------------------------------
Start Rebuilding User Hierarchy
---------------------------------------------------------------------------------
---------------------------------------------------------------------------------
Finished Rebuilding User Hierarchy : Time (s): cpu = 00:00:29 ; elapsed = 00:00:30 . Memory (MB): peak = 1039.664 ; gain = 401.273
---------------------------------------------------------------------------------
---------------------------------------------------------------------------------
Start Renaming Generated Ports
---------------------------------------------------------------------------------
---------------------------------------------------------------------------------
Finished Renaming Generated Ports : Time (s): cpu = 00:00:29 ; elapsed = 00:00:30 . Memory (MB): peak = 1039.664 ; gain = 401.273
---------------------------------------------------------------------------------
---------------------------------------------------------------------------------
Start Handling Custom Attributes
---------------------------------------------------------------------------------
---------------------------------------------------------------------------------
Finished Handling Custom Attributes : Time (s): cpu = 00:00:29 ; elapsed = 00:00:30 . Memory (MB): peak = 1039.664 ; gain = 401.273
---------------------------------------------------------------------------------
---------------------------------------------------------------------------------
Start Renaming Generated Nets
---------------------------------------------------------------------------------
---------------------------------------------------------------------------------
Finished Renaming Generated Nets : Time (s): cpu = 00:00:29 ; elapsed = 00:00:30 . Memory (MB): peak = 1039.664 ; gain = 401.273
---------------------------------------------------------------------------------
---------------------------------------------------------------------------------
Start Writing Synthesis Report
---------------------------------------------------------------------------------

Report BlackBoxes: 
+------+--------------+----------+
|      |BlackBox name |Instances |
+------+--------------+----------+
|1     |design_1      |         1|
+------+--------------+----------+

Report Cell Usage: 
+------+----------------+------+
|      |Cell            |Count |
+------+----------------+------+
|1     |design_1_bbox_0 |     1|
|2     |BUFG            |     1|
|3     |FDRE            |     4|
|4     |FDSE            |     4|
|5     |IBUF            |     5|
|6     |OBUF            |     8|
+------+----------------+------+

Report Instance Areas: 
+------+---------+-----------------+------+
|      |Instance |Module           |Cells |
+------+---------+-----------------+------+
|1     |top      |                 |    38|
|2     |  MULT   |design_1_wrapper |    16|
+------+---------+-----------------+------+
---------------------------------------------------------------------------------
Finished Writing Synthesis Report : Time (s): cpu = 00:00:29 ; elapsed = 00:00:30 . Memory (MB): peak = 1039.664 ; gain = 401.273
---------------------------------------------------------------------------------
Synthesis finished with 0 errors, 0 critical warnings and 0 warnings.
Synthesis Optimization Runtime : Time (s): cpu = 00:00:21 ; elapsed = 00:00:28 . Memory (MB): peak = 1039.664 ; gain = 307.488
Synthesis Optimization Complete : Time (s): cpu = 00:00:29 ; elapsed = 00:00:30 . Memory (MB): peak = 1039.664 ; gain = 401.273
INFO: [Project 1-571] Translating synthesized netlist
Netlist sorting complete. Time (s): cpu = 00:00:00 ; elapsed = 00:00:00 . Memory (MB): peak = 1039.664 ; gain = 0.000
INFO: [Project 1-570] Preparing netlist for logic optimization
INFO: [Opt 31-138] Pushed 0 inverter(s) to 0 load pin(s).
Netlist sorting complete. Time (s): cpu = 00:00:00 ; elapsed = 00:00:00 . Memory (MB): peak = 1044.625 ; gain = 0.000
INFO: [Project 1-111] Unisim Transformation Summary:
No Unisim elements were transformed.

INFO: [Common 17-83] Releasing license: Synthesis
51 Infos, 17 Warnings, 0 Critical Warnings and 0 Errors encountered.
synth_design completed successfully
synth_design: Time (s): cpu = 00:00:36 ; elapsed = 00:00:37 . Memory (MB): peak = 1044.625 ; gain = 702.938
Netlist sorting complete. Time (s): cpu = 00:00:00 ; elapsed = 00:00:00 . Memory (MB): peak = 1044.625 ; gain = 0.000
WARNING: [Constraints 18-5210] No constraints selected for write.
Resolution: This message can indicate that there are no constraints for the design, or it can indicate that the used_in flags are set such that the constraints are ignored. This later case is used when running synth_design to not write synthesis constraints to the resulting checkpoint. Instead, project constraints are read when the synthesized design is opened.
INFO: [Common 17-1381] The checkpoint 'C:/fpga/lab2/project_1/project_1.runs/synth_1/top.dcp' has been generated.
INFO: [runtcl-4] Executing : report_utilization -file top_utilization_synth.rpt -pb top_utilization_synth.pb
INFO: [Common 17-206] Exiting Vivado at Sun Feb 16 15:08:56 2020...
