

================================================================
== Vivado HLS Report for 'servo'
================================================================
* Date:           Mon Feb 10 08:32:42 2020

* Version:        2019.2 (Build 2704478 on Wed Nov 06 22:10:23 MST 2019)
* Project:        servo
* Solution:       servoSolution
* Product family: zynq
* Target device:  xc7z020-clg484-1


================================================================
== Performance Estimates
================================================================
+ Timing: 
    * Summary: 
    +--------+----------+----------+------------+
    |  Clock |  Target  | Estimated| Uncertainty|
    +--------+----------+----------+------------+
    |ap_clk  | 10.00 ns | 8.638 ns |   1.25 ns  |
    +--------+----------+----------+------------+

+ Latency: 
    * Summary: 
    +---------+---------+----------+----------+-----+-----+---------+
    |  Latency (cycles) |  Latency (absolute) |  Interval | Pipeline|
    |   min   |   max   |    min   |    max   | min | max |   Type  |
    +---------+---------+----------+----------+-----+-----+---------+
    |        0|        0|   0 ns   |   0 ns   |    0|    0|   none  |
    +---------+---------+----------+----------+-----+-----+---------+

    + Detail: 
        * Instance: 
        N/A

        * Loop: 
        N/A

============================================================
+ Verbose Summary: Synthesis Manager
============================================================
InlineROM: 1
ExposeGlobal: 0
============================================================
+ Verbose Summary: CDFG Model
============================================================
IsTopModel: 1
ResetActiveHigh: 1
IsCombinational: 0
IsDatapathOnly: 0
HasWiredReturn: 1
HasMFsm: 0
HasVarLatency: 0
IsPipeline: 0
IsRtlPipelined: 0
IsInstanceOverlapped: 0
IsDontTouch: 0
HasImplIP: 0
IsGatedGlobalClock: 0


============================================================
+ Verbose Summary: Schedule
============================================================
* Number of FSM states : 1
* Pipeline : 0
* Dataflow Pipeline: 0

* FSM state transitions: 
1 --> 

* FSM state operations: 

State 1 <SV = 0> <Delay = 8.63>
ST_1 : Operation 2 [1/1] (0.00ns)   --->   "call void (...)* @_ssdm_op_SpecBitsMap(i8* %up) nounwind, !map !7"   --->   Operation 2 'specbitsmap' <Predicate = true> <Delay = 0.00>
ST_1 : Operation 3 [1/1] (0.00ns)   --->   "call void (...)* @_ssdm_op_SpecBitsMap(i8* %down) nounwind, !map !13"   --->   Operation 3 'specbitsmap' <Predicate = true> <Delay = 0.00>
ST_1 : Operation 4 [1/1] (0.00ns)   --->   "call void (...)* @_ssdm_op_SpecBitsMap(i8* %left_r) nounwind, !map !17"   --->   Operation 4 'specbitsmap' <Predicate = true> <Delay = 0.00>
ST_1 : Operation 5 [1/1] (0.00ns)   --->   "call void (...)* @_ssdm_op_SpecBitsMap(i8* %right_r) nounwind, !map !21"   --->   Operation 5 'specbitsmap' <Predicate = true> <Delay = 0.00>
ST_1 : Operation 6 [1/1] (0.00ns)   --->   "call void (...)* @_ssdm_op_SpecBitsMap(i8* %dutyCycle) nounwind, !map !25"   --->   Operation 6 'specbitsmap' <Predicate = true> <Delay = 0.00>
ST_1 : Operation 7 [1/1] (0.00ns)   --->   "call void (...)* @_ssdm_op_SpecBitsMap(i8* %speed) nounwind, !map !29"   --->   Operation 7 'specbitsmap' <Predicate = true> <Delay = 0.00>
ST_1 : Operation 8 [1/1] (0.00ns)   --->   "call void (...)* @_ssdm_op_SpecTopModule([6 x i8]* @servo_str) nounwind"   --->   Operation 8 'spectopmodule' <Predicate = true> <Delay = 0.00>
ST_1 : Operation 9 [1/1] (0.00ns)   --->   "%down_read = call i8 @_ssdm_op_Read.ap_auto.i8P(i8* %down) nounwind" [servo/servo.c:8]   --->   Operation 9 'read' 'down_read' <Predicate = true> <Delay = 0.00>
ST_1 : Operation 10 [1/1] (1.55ns)   --->   "%icmp_ln8 = icmp eq i8 %down_read, 0" [servo/servo.c:8]   --->   Operation 10 'icmp' 'icmp_ln8' <Predicate = true> <Delay = 1.55> <Core = "Cmp">   --->   Core 25 'Cmp' <Latency = 0> <II = 1> <Delay = 1.36> <FuncUnit> <Opcode : 'icmp'> <InPorts = 2> <OutPorts = 1>
ST_1 : Operation 11 [1/1] (0.00ns)   --->   "%current_speed_load = load i7* @current_speed, align 1" [servo/servo.c:9]   --->   Operation 11 'load' 'current_speed_load' <Predicate = true> <Delay = 0.00>
ST_1 : Operation 12 [1/1] (0.00ns)   --->   "%zext_ln9 = zext i7 %current_speed_load to i8" [servo/servo.c:9]   --->   Operation 12 'zext' 'zext_ln9' <Predicate = true> <Delay = 0.00>
ST_1 : Operation 13 [1/1] (1.87ns)   --->   "%add_ln9 = add i8 -1, %zext_ln9" [servo/servo.c:9]   --->   Operation 13 'add' 'add_ln9' <Predicate = (!icmp_ln8)> <Delay = 1.87> <Core = "AddSub">   --->   Core 14 'AddSub' <Latency = 0> <II = 1> <Delay = 1.91> <FuncUnit> <Opcode : 'add' 'sub'> <InPorts = 2> <OutPorts = 1>
ST_1 : Operation 14 [1/1] (1.24ns)   --->   "%select_ln8 = select i1 %icmp_ln8, i8 %zext_ln9, i8 %add_ln9" [servo/servo.c:8]   --->   Operation 14 'select' 'select_ln8' <Predicate = true> <Delay = 1.24> <Core = "Sel">   --->   Core 26 'Sel' <Latency = 0> <II = 1> <Delay = 0.99> <FuncUnit> <Opcode : 'select'> <InPorts = 3> <OutPorts = 1>
ST_1 : Operation 15 [1/1] (0.00ns)   --->   "%up_read = call i8 @_ssdm_op_Read.ap_auto.i8P(i8* %up) nounwind" [servo/servo.c:12]   --->   Operation 15 'read' 'up_read' <Predicate = true> <Delay = 0.00>
ST_1 : Operation 16 [1/1] (1.55ns)   --->   "%icmp_ln12 = icmp eq i8 %up_read, 0" [servo/servo.c:12]   --->   Operation 16 'icmp' 'icmp_ln12' <Predicate = true> <Delay = 1.55> <Core = "Cmp">   --->   Core 25 'Cmp' <Latency = 0> <II = 1> <Delay = 1.36> <FuncUnit> <Opcode : 'icmp'> <InPorts = 2> <OutPorts = 1>
ST_1 : Operation 17 [1/1] (1.91ns)   --->   "%add_ln13 = add i8 1, %select_ln8" [servo/servo.c:13]   --->   Operation 17 'add' 'add_ln13' <Predicate = (!icmp_ln12)> <Delay = 1.91> <Core = "AddSub">   --->   Core 14 'AddSub' <Latency = 0> <II = 1> <Delay = 1.91> <FuncUnit> <Opcode : 'add' 'sub'> <InPorts = 2> <OutPorts = 1>
ST_1 : Operation 18 [1/1] (1.24ns)   --->   "%select_ln12 = select i1 %icmp_ln12, i8 %select_ln8, i8 %add_ln13" [servo/servo.c:12]   --->   Operation 18 'select' 'select_ln12' <Predicate = true> <Delay = 1.24> <Core = "Sel">   --->   Core 26 'Sel' <Latency = 0> <II = 1> <Delay = 0.99> <FuncUnit> <Opcode : 'select'> <InPorts = 3> <OutPorts = 1>
ST_1 : Operation 19 [1/1] (0.00ns) (grouped into LUT with out node select_ln26_1)   --->   "%trunc_ln26 = trunc i8 %select_ln12 to i7" [servo/servo.c:26]   --->   Operation 19 'trunc' 'trunc_ln26' <Predicate = (!tmp_1 & icmp_ln26)> <Delay = 0.00>
ST_1 : Operation 20 [1/1] (0.00ns)   --->   "%tmp = call i5 @_ssdm_op_PartSelect.i5.i8.i32.i32(i8 %select_ln12, i32 3, i32 7)" [servo/servo.c:26]   --->   Operation 20 'partselect' 'tmp' <Predicate = true> <Delay = 0.00>
ST_1 : Operation 21 [1/1] (1.36ns)   --->   "%icmp_ln26 = icmp slt i5 %tmp, 1" [servo/servo.c:26]   --->   Operation 21 'icmp' 'icmp_ln26' <Predicate = true> <Delay = 1.36> <Core = "Cmp">   --->   Core 25 'Cmp' <Latency = 0> <II = 1> <Delay = 1.36> <FuncUnit> <Opcode : 'icmp'> <InPorts = 2> <OutPorts = 1>
ST_1 : Operation 22 [1/1] (0.00ns) (grouped into LUT with out node select_ln26_1)   --->   "%tmp_1 = call i1 @_ssdm_op_BitSelect.i1.i8.i32(i8 %select_ln12, i32 7)" [servo/servo.c:26]   --->   Operation 22 'bitselect' 'tmp_1' <Predicate = (icmp_ln26)> <Delay = 0.00>
ST_1 : Operation 23 [1/1] (0.00ns) (grouped into LUT with out node select_ln26_1)   --->   "%select_ln26 = select i1 %tmp_1, i7 0, i7 %trunc_ln26" [servo/servo.c:26]   --->   Operation 23 'select' 'select_ln26' <Predicate = (icmp_ln26)> <Delay = 0.00> <Core = "Sel">   --->   Core 26 'Sel' <Latency = 0> <II = 1> <Delay = 0.99> <FuncUnit> <Opcode : 'select'> <InPorts = 3> <OutPorts = 1>
ST_1 : Operation 24 [1/1] (0.99ns) (out node of the LUT)   --->   "%select_ln26_1 = select i1 %icmp_ln26, i7 %select_ln26, i7 8" [servo/servo.c:26]   --->   Operation 24 'select' 'select_ln26_1' <Predicate = true> <Delay = 0.99> <Core = "Sel">   --->   Core 26 'Sel' <Latency = 0> <II = 1> <Delay = 0.99> <FuncUnit> <Opcode : 'select'> <InPorts = 3> <OutPorts = 1>
ST_1 : Operation 25 [1/1] (0.00ns)   --->   "%zext_ln26 = zext i7 %select_ln26_1 to i8" [servo/servo.c:26]   --->   Operation 25 'zext' 'zext_ln26' <Predicate = true> <Delay = 0.00>
ST_1 : Operation 26 [1/1] (0.00ns)   --->   "call void @_ssdm_op_Write.ap_auto.i8P(i8* %dutyCycle, i8 -56) nounwind" [servo/servo.c:28]   --->   Operation 26 'write' <Predicate = true> <Delay = 0.00>
ST_1 : Operation 27 [1/1] (0.00ns)   --->   "call void @_ssdm_op_Write.ap_auto.i8P(i8* %speed, i8 %zext_ln26) nounwind" [servo/servo.c:29]   --->   Operation 27 'write' <Predicate = true> <Delay = 0.00>
ST_1 : Operation 28 [1/1] (0.00ns)   --->   "store i7 %select_ln26_1, i7* @current_speed, align 1" [servo/servo.c:9]   --->   Operation 28 'store' <Predicate = true> <Delay = 0.00>
ST_1 : Operation 29 [1/1] (0.00ns)   --->   "ret void" [servo/servo.c:30]   --->   Operation 29 'ret' <Predicate = true> <Delay = 0.00>


============================================================
+ Verbose Summary: Binding
============================================================
STG Binding: 
---------------- STG Properties BEGIN ----------------
- Is combinational: 0
- Is one-state seq: 1
- Is datapath-only: 0
- Is pipelined: 0
- Is top level: 1
Port [ Return ] is wired: 1; IO mode=ap_ctrl_hs:ce=0
Port [ up]:  wired=1; compound=0; hidden=0; nouse=0; global=0; static=0; extern=0; dir=0; type=0; pingpong=0; private_global=0; IO mode=ap_none:ce=0
Port [ down]:  wired=1; compound=0; hidden=0; nouse=0; global=0; static=0; extern=0; dir=0; type=0; pingpong=0; private_global=0; IO mode=ap_none:ce=0
Port [ left_r]:  wired=1; compound=0; hidden=0; nouse=1; global=0; static=0; extern=0; dir=0; type=0; pingpong=0; private_global=0; IO mode=ap_none:ce=0
Port [ right_r]:  wired=1; compound=0; hidden=0; nouse=1; global=0; static=0; extern=0; dir=0; type=0; pingpong=0; private_global=0; IO mode=ap_none:ce=0
Port [ dutyCycle]:  wired=1; compound=0; hidden=0; nouse=0; global=0; static=0; extern=0; dir=1; type=0; pingpong=0; private_global=0; IO mode=ap_vld:ce=0
Port [ speed]:  wired=1; compound=0; hidden=0; nouse=0; global=0; static=0; extern=0; dir=1; type=0; pingpong=0; private_global=0; IO mode=ap_vld:ce=0
Port [ current_speed]:  wired=0; compound=0; hidden=1; nouse=0; global=1; static=1; extern=0; dir=2; type=0; pingpong=0; private_global=1; linkage=7; visibility=0; IO mode=ap_ovld:ce=0
---------------- STG Properties END ------------------

---------------- Datapath Model BEGIN ----------------

<LifeTime>
<method=bitvector/>
specbitsmap_ln0    (specbitsmap  ) [ 00]
specbitsmap_ln0    (specbitsmap  ) [ 00]
specbitsmap_ln0    (specbitsmap  ) [ 00]
specbitsmap_ln0    (specbitsmap  ) [ 00]
specbitsmap_ln0    (specbitsmap  ) [ 00]
specbitsmap_ln0    (specbitsmap  ) [ 00]
spectopmodule_ln0  (spectopmodule) [ 00]
down_read          (read         ) [ 00]
icmp_ln8           (icmp         ) [ 01]
current_speed_load (load         ) [ 00]
zext_ln9           (zext         ) [ 00]
add_ln9            (add          ) [ 00]
select_ln8         (select       ) [ 00]
up_read            (read         ) [ 00]
icmp_ln12          (icmp         ) [ 01]
add_ln13           (add          ) [ 00]
select_ln12        (select       ) [ 00]
trunc_ln26         (trunc        ) [ 00]
tmp                (partselect   ) [ 00]
icmp_ln26          (icmp         ) [ 01]
tmp_1              (bitselect    ) [ 01]
select_ln26        (select       ) [ 00]
select_ln26_1      (select       ) [ 00]
zext_ln26          (zext         ) [ 00]
write_ln28         (write        ) [ 00]
write_ln29         (write        ) [ 00]
store_ln9          (store        ) [ 00]
ret_ln30           (ret          ) [ 00]
</LifeTime>

<model>

<comp_list>
<comp id="0" class="1000" name="up">
<pin_list>
<pin id="1" dir="1" index="0" bw="1" slack="0"/>
</pin_list>
<bind>
<StgValue><ssdm name="up"/></StgValue>
</bind>
</comp>

<comp id="2" class="1000" name="down">
<pin_list>
<pin id="3" dir="1" index="0" bw="1" slack="0"/>
</pin_list>
<bind>
<StgValue><ssdm name="down"/></StgValue>
</bind>
</comp>

<comp id="4" class="1000" name="left_r">
<pin_list>
<pin id="5" dir="1" index="0" bw="1" slack="2147483647"/>
</pin_list>
<bind>
<StgValue><ssdm name="left_r"/></StgValue>
</bind>
</comp>

<comp id="6" class="1000" name="right_r">
<pin_list>
<pin id="7" dir="1" index="0" bw="1" slack="2147483647"/>
</pin_list>
<bind>
<StgValue><ssdm name="right_r"/></StgValue>
</bind>
</comp>

<comp id="8" class="1000" name="dutyCycle">
<pin_list>
<pin id="9" dir="1" index="0" bw="1" slack="0"/>
</pin_list>
<bind>
<StgValue><ssdm name="dutyCycle"/></StgValue>
</bind>
</comp>

<comp id="10" class="1000" name="speed">
<pin_list>
<pin id="11" dir="1" index="0" bw="1" slack="0"/>
</pin_list>
<bind>
<StgValue><ssdm name="speed"/></StgValue>
</bind>
</comp>

<comp id="12" class="1000" name="current_speed">
<pin_list>
<pin id="13" dir="1" index="0" bw="1" slack="0"/>
</pin_list>
<bind>
<StgValue><ssdm name="current_speed"/></StgValue>
</bind>
</comp>

<comp id="14" class="1001" name="const_14">
<pin_list>
<pin id="15" dir="1" index="0" bw="1" slack="2147483647"/>
</pin_list>
<bind>
<StgValue><ssdm name="_ssdm_op_SpecBitsMap"/></StgValue>
</bind>
</comp>

<comp id="16" class="1001" name="const_16">
<pin_list>
<pin id="17" dir="1" index="0" bw="1" slack="2147483647"/>
</pin_list>
<bind>
<StgValue><ssdm name="_ssdm_op_SpecTopModule"/></StgValue>
</bind>
</comp>

<comp id="18" class="1001" name="const_18">
<pin_list>
<pin id="19" dir="1" index="0" bw="1" slack="2147483647"/>
</pin_list>
<bind>
<StgValue><ssdm name="servo_str"/></StgValue>
</bind>
</comp>

<comp id="20" class="1001" name="const_20">
<pin_list>
<pin id="21" dir="1" index="0" bw="1" slack="0"/>
</pin_list>
<bind>
<StgValue><ssdm name="_ssdm_op_Read.ap_auto.i8P"/></StgValue>
</bind>
</comp>

<comp id="22" class="1001" name="const_22">
<pin_list>
<pin id="23" dir="1" index="0" bw="1" slack="0"/>
</pin_list>
<bind>
<StgValue><ssdm name=""/></StgValue>
</bind>
</comp>

<comp id="24" class="1001" name="const_24">
<pin_list>
<pin id="25" dir="1" index="0" bw="1" slack="0"/>
</pin_list>
<bind>
<StgValue><ssdm name=""/></StgValue>
</bind>
</comp>

<comp id="26" class="1001" name="const_26">
<pin_list>
<pin id="27" dir="1" index="0" bw="1" slack="0"/>
</pin_list>
<bind>
<StgValue><ssdm name=""/></StgValue>
</bind>
</comp>

<comp id="28" class="1001" name="const_28">
<pin_list>
<pin id="29" dir="1" index="0" bw="1" slack="0"/>
</pin_list>
<bind>
<StgValue><ssdm name="_ssdm_op_PartSelect.i5.i8.i32.i32"/></StgValue>
</bind>
</comp>

<comp id="30" class="1001" name="const_30">
<pin_list>
<pin id="31" dir="1" index="0" bw="1" slack="0"/>
</pin_list>
<bind>
<StgValue><ssdm name=""/></StgValue>
</bind>
</comp>

<comp id="32" class="1001" name="const_32">
<pin_list>
<pin id="33" dir="1" index="0" bw="1" slack="0"/>
</pin_list>
<bind>
<StgValue><ssdm name=""/></StgValue>
</bind>
</comp>

<comp id="34" class="1001" name="const_34">
<pin_list>
<pin id="35" dir="1" index="0" bw="1" slack="0"/>
</pin_list>
<bind>
<StgValue><ssdm name=""/></StgValue>
</bind>
</comp>

<comp id="36" class="1001" name="const_36">
<pin_list>
<pin id="37" dir="1" index="0" bw="1" slack="0"/>
</pin_list>
<bind>
<StgValue><ssdm name="_ssdm_op_BitSelect.i1.i8.i32"/></StgValue>
</bind>
</comp>

<comp id="38" class="1001" name="const_38">
<pin_list>
<pin id="39" dir="1" index="0" bw="1" slack="0"/>
</pin_list>
<bind>
<StgValue><ssdm name=""/></StgValue>
</bind>
</comp>

<comp id="40" class="1001" name="const_40">
<pin_list>
<pin id="41" dir="1" index="0" bw="1" slack="0"/>
</pin_list>
<bind>
<StgValue><ssdm name=""/></StgValue>
</bind>
</comp>

<comp id="42" class="1001" name="const_42">
<pin_list>
<pin id="43" dir="1" index="0" bw="1" slack="0"/>
</pin_list>
<bind>
<StgValue><ssdm name="_ssdm_op_Write.ap_auto.i8P"/></StgValue>
</bind>
</comp>

<comp id="44" class="1001" name="const_44">
<pin_list>
<pin id="45" dir="1" index="0" bw="1" slack="0"/>
</pin_list>
<bind>
<StgValue><ssdm name=""/></StgValue>
</bind>
</comp>

<comp id="46" class="1004" name="down_read_read_fu_46">
<pin_list>
<pin id="47" dir="0" index="0" bw="8" slack="0"/>
<pin id="48" dir="0" index="1" bw="8" slack="0"/>
<pin id="49" dir="1" index="2" bw="8" slack="0"/>
</pin_list>
<bind>
<opcode="read(1150) " fcode="read"/>
<opset="down_read/1 "/>
</bind>
</comp>

<comp id="52" class="1004" name="up_read_read_fu_52">
<pin_list>
<pin id="53" dir="0" index="0" bw="8" slack="0"/>
<pin id="54" dir="0" index="1" bw="8" slack="0"/>
<pin id="55" dir="1" index="2" bw="8" slack="0"/>
</pin_list>
<bind>
<opcode="read(1150) " fcode="read"/>
<opset="up_read/1 "/>
</bind>
</comp>

<comp id="58" class="1004" name="write_ln28_write_fu_58">
<pin_list>
<pin id="59" dir="0" index="0" bw="0" slack="0"/>
<pin id="60" dir="0" index="1" bw="8" slack="0"/>
<pin id="61" dir="0" index="2" bw="7" slack="0"/>
<pin id="62" dir="1" index="3" bw="0" slack="2147483647"/>
</pin_list>
<bind>
<opcode="write(1151) " fcode="write"/>
<opset="write_ln28/1 "/>
</bind>
</comp>

<comp id="66" class="1004" name="write_ln29_write_fu_66">
<pin_list>
<pin id="67" dir="0" index="0" bw="0" slack="0"/>
<pin id="68" dir="0" index="1" bw="8" slack="0"/>
<pin id="69" dir="0" index="2" bw="7" slack="0"/>
<pin id="70" dir="1" index="3" bw="0" slack="2147483647"/>
</pin_list>
<bind>
<opcode="write(1151) " fcode="write"/>
<opset="write_ln29/1 "/>
</bind>
</comp>

<comp id="73" class="1004" name="icmp_ln8_fu_73">
<pin_list>
<pin id="74" dir="0" index="0" bw="8" slack="0"/>
<pin id="75" dir="0" index="1" bw="1" slack="0"/>
<pin id="76" dir="1" index="2" bw="1" slack="0"/>
</pin_list>
<bind>
<opcode="icmp(45) " fcode="icmp"/>
<opset="icmp_ln8/1 "/>
</bind>
</comp>

<comp id="79" class="1004" name="current_speed_load_load_fu_79">
<pin_list>
<pin id="80" dir="0" index="0" bw="7" slack="0"/>
<pin id="81" dir="1" index="1" bw="7" slack="0"/>
</pin_list>
<bind>
<opcode="load(27) " fcode="load"/>
<opset="current_speed_load/1 "/>
</bind>
</comp>

<comp id="83" class="1004" name="zext_ln9_fu_83">
<pin_list>
<pin id="84" dir="0" index="0" bw="7" slack="0"/>
<pin id="85" dir="1" index="1" bw="8" slack="0"/>
</pin_list>
<bind>
<opcode="zext(34) " fcode="zext"/>
<opset="zext_ln9/1 "/>
</bind>
</comp>

<comp id="87" class="1004" name="add_ln9_fu_87">
<pin_list>
<pin id="88" dir="0" index="0" bw="1" slack="0"/>
<pin id="89" dir="0" index="1" bw="7" slack="0"/>
<pin id="90" dir="1" index="2" bw="8" slack="0"/>
</pin_list>
<bind>
<opcode="add(8) " fcode="add"/>
<opset="add_ln9/1 "/>
</bind>
</comp>

<comp id="93" class="1004" name="select_ln8_fu_93">
<pin_list>
<pin id="94" dir="0" index="0" bw="1" slack="0"/>
<pin id="95" dir="0" index="1" bw="7" slack="0"/>
<pin id="96" dir="0" index="2" bw="8" slack="0"/>
<pin id="97" dir="1" index="3" bw="8" slack="0"/>
</pin_list>
<bind>
<opcode="select(49) " fcode="select"/>
<opset="select_ln8/1 "/>
</bind>
</comp>

<comp id="101" class="1004" name="icmp_ln12_fu_101">
<pin_list>
<pin id="102" dir="0" index="0" bw="8" slack="0"/>
<pin id="103" dir="0" index="1" bw="1" slack="0"/>
<pin id="104" dir="1" index="2" bw="1" slack="0"/>
</pin_list>
<bind>
<opcode="icmp(45) " fcode="icmp"/>
<opset="icmp_ln12/1 "/>
</bind>
</comp>

<comp id="107" class="1004" name="add_ln13_fu_107">
<pin_list>
<pin id="108" dir="0" index="0" bw="1" slack="0"/>
<pin id="109" dir="0" index="1" bw="8" slack="0"/>
<pin id="110" dir="1" index="2" bw="8" slack="0"/>
</pin_list>
<bind>
<opcode="add(8) " fcode="add"/>
<opset="add_ln13/1 "/>
</bind>
</comp>

<comp id="113" class="1004" name="select_ln12_fu_113">
<pin_list>
<pin id="114" dir="0" index="0" bw="1" slack="0"/>
<pin id="115" dir="0" index="1" bw="8" slack="0"/>
<pin id="116" dir="0" index="2" bw="8" slack="0"/>
<pin id="117" dir="1" index="3" bw="8" slack="0"/>
</pin_list>
<bind>
<opcode="select(49) " fcode="select"/>
<opset="select_ln12/1 "/>
</bind>
</comp>

<comp id="121" class="1004" name="trunc_ln26_fu_121">
<pin_list>
<pin id="122" dir="0" index="0" bw="8" slack="0"/>
<pin id="123" dir="1" index="1" bw="7" slack="0"/>
</pin_list>
<bind>
<opcode="trunc(33) " fcode="trunc"/>
<opset="trunc_ln26/1 "/>
</bind>
</comp>

<comp id="125" class="1004" name="tmp_fu_125">
<pin_list>
<pin id="126" dir="0" index="0" bw="5" slack="0"/>
<pin id="127" dir="0" index="1" bw="8" slack="0"/>
<pin id="128" dir="0" index="2" bw="3" slack="0"/>
<pin id="129" dir="0" index="3" bw="4" slack="0"/>
<pin id="130" dir="1" index="4" bw="5" slack="0"/>
</pin_list>
<bind>
<opcode="partselect(1002) " fcode="partselect"/>
<opset="tmp/1 "/>
</bind>
</comp>

<comp id="135" class="1004" name="icmp_ln26_fu_135">
<pin_list>
<pin id="136" dir="0" index="0" bw="5" slack="0"/>
<pin id="137" dir="0" index="1" bw="1" slack="0"/>
<pin id="138" dir="1" index="2" bw="1" slack="0"/>
</pin_list>
<bind>
<opcode="icmp(45) " fcode="icmp"/>
<opset="icmp_ln26/1 "/>
</bind>
</comp>

<comp id="141" class="1004" name="tmp_1_fu_141">
<pin_list>
<pin id="142" dir="0" index="0" bw="1" slack="0"/>
<pin id="143" dir="0" index="1" bw="8" slack="0"/>
<pin id="144" dir="0" index="2" bw="4" slack="0"/>
<pin id="145" dir="1" index="3" bw="1" slack="0"/>
</pin_list>
<bind>
<opcode="bitselect(1000) " fcode="bitselect"/>
<opset="tmp_1/1 "/>
</bind>
</comp>

<comp id="149" class="1004" name="select_ln26_fu_149">
<pin_list>
<pin id="150" dir="0" index="0" bw="1" slack="0"/>
<pin id="151" dir="0" index="1" bw="1" slack="0"/>
<pin id="152" dir="0" index="2" bw="7" slack="0"/>
<pin id="153" dir="1" index="3" bw="7" slack="0"/>
</pin_list>
<bind>
<opcode="select(49) " fcode="select"/>
<opset="select_ln26/1 "/>
</bind>
</comp>

<comp id="157" class="1004" name="select_ln26_1_fu_157">
<pin_list>
<pin id="158" dir="0" index="0" bw="1" slack="0"/>
<pin id="159" dir="0" index="1" bw="7" slack="0"/>
<pin id="160" dir="0" index="2" bw="5" slack="0"/>
<pin id="161" dir="1" index="3" bw="7" slack="0"/>
</pin_list>
<bind>
<opcode="select(49) " fcode="select"/>
<opset="select_ln26_1/1 "/>
</bind>
</comp>

<comp id="165" class="1004" name="zext_ln26_fu_165">
<pin_list>
<pin id="166" dir="0" index="0" bw="7" slack="0"/>
<pin id="167" dir="1" index="1" bw="8" slack="0"/>
</pin_list>
<bind>
<opcode="zext(34) " fcode="zext"/>
<opset="zext_ln26/1 "/>
</bind>
</comp>

<comp id="170" class="1004" name="store_ln9_store_fu_170">
<pin_list>
<pin id="171" dir="0" index="0" bw="7" slack="0"/>
<pin id="172" dir="0" index="1" bw="7" slack="0"/>
<pin id="173" dir="1" index="2" bw="0" slack="2147483647"/>
</pin_list>
<bind>
<opcode="store(28) " fcode="store"/>
<opset="store_ln9/1 "/>
</bind>
</comp>

</comp_list>

<net_list>
<net id="50"><net_src comp="20" pin="0"/><net_sink comp="46" pin=0"/></net>

<net id="51"><net_src comp="2" pin="0"/><net_sink comp="46" pin=1"/></net>

<net id="56"><net_src comp="20" pin="0"/><net_sink comp="52" pin=0"/></net>

<net id="57"><net_src comp="0" pin="0"/><net_sink comp="52" pin=1"/></net>

<net id="63"><net_src comp="42" pin="0"/><net_sink comp="58" pin=0"/></net>

<net id="64"><net_src comp="8" pin="0"/><net_sink comp="58" pin=1"/></net>

<net id="65"><net_src comp="44" pin="0"/><net_sink comp="58" pin=2"/></net>

<net id="71"><net_src comp="42" pin="0"/><net_sink comp="66" pin=0"/></net>

<net id="72"><net_src comp="10" pin="0"/><net_sink comp="66" pin=1"/></net>

<net id="77"><net_src comp="46" pin="2"/><net_sink comp="73" pin=0"/></net>

<net id="78"><net_src comp="22" pin="0"/><net_sink comp="73" pin=1"/></net>

<net id="82"><net_src comp="12" pin="0"/><net_sink comp="79" pin=0"/></net>

<net id="86"><net_src comp="79" pin="1"/><net_sink comp="83" pin=0"/></net>

<net id="91"><net_src comp="24" pin="0"/><net_sink comp="87" pin=0"/></net>

<net id="92"><net_src comp="83" pin="1"/><net_sink comp="87" pin=1"/></net>

<net id="98"><net_src comp="73" pin="2"/><net_sink comp="93" pin=0"/></net>

<net id="99"><net_src comp="83" pin="1"/><net_sink comp="93" pin=1"/></net>

<net id="100"><net_src comp="87" pin="2"/><net_sink comp="93" pin=2"/></net>

<net id="105"><net_src comp="52" pin="2"/><net_sink comp="101" pin=0"/></net>

<net id="106"><net_src comp="22" pin="0"/><net_sink comp="101" pin=1"/></net>

<net id="111"><net_src comp="26" pin="0"/><net_sink comp="107" pin=0"/></net>

<net id="112"><net_src comp="93" pin="3"/><net_sink comp="107" pin=1"/></net>

<net id="118"><net_src comp="101" pin="2"/><net_sink comp="113" pin=0"/></net>

<net id="119"><net_src comp="93" pin="3"/><net_sink comp="113" pin=1"/></net>

<net id="120"><net_src comp="107" pin="2"/><net_sink comp="113" pin=2"/></net>

<net id="124"><net_src comp="113" pin="3"/><net_sink comp="121" pin=0"/></net>

<net id="131"><net_src comp="28" pin="0"/><net_sink comp="125" pin=0"/></net>

<net id="132"><net_src comp="113" pin="3"/><net_sink comp="125" pin=1"/></net>

<net id="133"><net_src comp="30" pin="0"/><net_sink comp="125" pin=2"/></net>

<net id="134"><net_src comp="32" pin="0"/><net_sink comp="125" pin=3"/></net>

<net id="139"><net_src comp="125" pin="4"/><net_sink comp="135" pin=0"/></net>

<net id="140"><net_src comp="34" pin="0"/><net_sink comp="135" pin=1"/></net>

<net id="146"><net_src comp="36" pin="0"/><net_sink comp="141" pin=0"/></net>

<net id="147"><net_src comp="113" pin="3"/><net_sink comp="141" pin=1"/></net>

<net id="148"><net_src comp="32" pin="0"/><net_sink comp="141" pin=2"/></net>

<net id="154"><net_src comp="141" pin="3"/><net_sink comp="149" pin=0"/></net>

<net id="155"><net_src comp="38" pin="0"/><net_sink comp="149" pin=1"/></net>

<net id="156"><net_src comp="121" pin="1"/><net_sink comp="149" pin=2"/></net>

<net id="162"><net_src comp="135" pin="2"/><net_sink comp="157" pin=0"/></net>

<net id="163"><net_src comp="149" pin="3"/><net_sink comp="157" pin=1"/></net>

<net id="164"><net_src comp="40" pin="0"/><net_sink comp="157" pin=2"/></net>

<net id="168"><net_src comp="157" pin="3"/><net_sink comp="165" pin=0"/></net>

<net id="169"><net_src comp="165" pin="1"/><net_sink comp="66" pin=2"/></net>

<net id="174"><net_src comp="157" pin="3"/><net_sink comp="170" pin=0"/></net>

<net id="175"><net_src comp="12" pin="0"/><net_sink comp="170" pin=1"/></net>

</net_list>

</model> 
---------------- Datapath Model END ------------------

* FSMD analyzer results:
  - Output states:
	Port: dutyCycle | {1 }
	Port: speed | {1 }
	Port: current_speed | {1 }
 - Input state : 
	Port: servo : up | {1 }
	Port: servo : down | {1 }
	Port: servo : current_speed | {1 }
  - Chain level:
	State 1
		zext_ln9 : 1
		add_ln9 : 2
		select_ln8 : 3
		add_ln13 : 4
		select_ln12 : 5
		trunc_ln26 : 6
		tmp : 6
		icmp_ln26 : 7
		tmp_1 : 6
		select_ln26 : 7
		select_ln26_1 : 8
		zext_ln26 : 9
		write_ln29 : 10
		store_ln9 : 9


============================================================
+ Verbose Summary: Datapath Resource usage 
============================================================

* Functional unit list:
|----------|------------------------|---------|---------|
| Operation|     Functional Unit    |    FF   |   LUT   |
|----------|------------------------|---------|---------|
|          |     icmp_ln8_fu_73     |    0    |    11   |
|   icmp   |    icmp_ln12_fu_101    |    0    |    11   |
|          |    icmp_ln26_fu_135    |    0    |    11   |
|----------|------------------------|---------|---------|
|    add   |      add_ln9_fu_87     |    0    |    15   |
|          |     add_ln13_fu_107    |    0    |    15   |
|----------|------------------------|---------|---------|
|          |    select_ln8_fu_93    |    0    |    8    |
|  select  |   select_ln12_fu_113   |    0    |    8    |
|          |   select_ln26_fu_149   |    0    |    7    |
|          |  select_ln26_1_fu_157  |    0    |    7    |
|----------|------------------------|---------|---------|
|   read   |  down_read_read_fu_46  |    0    |    0    |
|          |   up_read_read_fu_52   |    0    |    0    |
|----------|------------------------|---------|---------|
|   write  | write_ln28_write_fu_58 |    0    |    0    |
|          | write_ln29_write_fu_66 |    0    |    0    |
|----------|------------------------|---------|---------|
|   zext   |     zext_ln9_fu_83     |    0    |    0    |
|          |    zext_ln26_fu_165    |    0    |    0    |
|----------|------------------------|---------|---------|
|   trunc  |    trunc_ln26_fu_121   |    0    |    0    |
|----------|------------------------|---------|---------|
|partselect|       tmp_fu_125       |    0    |    0    |
|----------|------------------------|---------|---------|
| bitselect|      tmp_1_fu_141      |    0    |    0    |
|----------|------------------------|---------|---------|
|   Total  |                        |    0    |    93   |
|----------|------------------------|---------|---------|

Memories:
N/A

* Register list:
N/A

* Multiplexer (MUX) list: 
|--------|------|------|------|--------|
|  Comp  |  Pin | Size |  BW  | S x BW |
|--------|------|------|------|--------|
|  Total |      |      |      |    0   |
|--------|------|------|------|--------|



* Summary:
+-----------+--------+--------+
|           |   FF   |   LUT  |
+-----------+--------+--------+
|  Function |    0   |   93   |
|   Memory  |    -   |    -   |
|Multiplexer|    -   |    -   |
|  Register |    -   |    -   |
+-----------+--------+--------+
|   Total   |    0   |   93   |
+-----------+--------+--------+
