Vivado Simulator 2019.2
Copyright 1986-1999, 2001-2019 Xilinx, Inc. All Rights Reserved.
Running: C:/Xilinx/Vivado/2019.2/bin/unwrapped/win64.o/xelab.exe -wto c1d079bffb784d43a096faac14a129bb --incr --debug typical --relax --mt 2 -L xil_defaultlib -L xlconstant_v1_1_6 -L unisims_ver -L unimacro_ver -L secureip -L xpm --snapshot servo_test_behav xil_defaultlib.servo_test xil_defaultlib.glbl -log elaborate.log 
Using 2 slave threads.
Starting static elaboration
Pass Through NonSizing Optimizer
Completed static elaboration
Starting simulation data flow analysis
Completed simulation data flow analysis
Time Resolution for simulation is 1ps
Compiling package std.standard
Compiling package std.textio
Compiling package ieee.std_logic_1164
Compiling package ieee.numeric_std
Compiling package unisim.vcomponents
Compiling package vl.vl_types
Compiling module xil_defaultlib.glbl
Compiling architecture behav of entity xil_defaultlib.servo [servo_default]
Compiling architecture design_1_servo_0_0_arch of entity xil_defaultlib.design_1_servo_0_0 [design_1_servo_0_0_default]
Compiling module xlconstant_v1_1_6.xlconstant_v1_1_6_xlconstant(CON...
Compiling module xil_defaultlib.design_1_xlconstant_0_0
Compiling module xlconstant_v1_1_6.xlconstant_v1_1_6_xlconstant(CON...
Compiling module xil_defaultlib.design_1_xlconstant_1_0
Compiling architecture structure of entity xil_defaultlib.design_1 [design_1_default]
Compiling architecture structure of entity xil_defaultlib.design_1_wrapper [design_1_wrapper_default]
Compiling architecture behavioral of entity xil_defaultlib.servo_test
Built simulation snapshot servo_test_behav
