Copyright 1986-2019 Xilinx, Inc. All Rights Reserved.
------------------------------------------------------------------------------------
| Tool Version : Vivado v.2019.2 (win64) Build 2708876 Wed Nov  6 21:40:23 MST 2019
| Date         : Mon Feb 10 10:11:26 2020
| Host         : agazorPC running 64-bit major release  (build 9200)
| Command      : report_control_sets -verbose -file top_control_sets_placed.rpt
| Design       : top
| Device       : xc7z020
------------------------------------------------------------------------------------

Control Set Information

Table of Contents
-----------------
1. Summary
2. Histogram
3. Flip-Flop Distribution
4. Detailed Control Set Information

1. Summary
----------

+----------------------------------------------------------+-------+
|                          Status                          | Count |
+----------------------------------------------------------+-------+
| Total control sets                                       |     8 |
|    Minimum number of control sets                        |     8 |
|    Addition due to synthesis replication                 |     0 |
|    Addition due to physical synthesis replication        |     0 |
| Unused register locations in slices containing registers |    41 |
+----------------------------------------------------------+-------+
* Control sets can be merged at opt_design using control_set_merge or merge_equivalent_drivers
** Run report_qor_suggestions for automated merging and remapping suggestions


2. Histogram
------------

+--------------------+-------+
|       Fanout       | Count |
+--------------------+-------+
| Total control sets |     8 |
| >= 0 to < 4        |     4 |
| >= 4 to < 6        |     1 |
| >= 6 to < 8        |     0 |
| >= 8 to < 10       |     1 |
| >= 10 to < 12      |     0 |
| >= 12 to < 14      |     0 |
| >= 14 to < 16      |     0 |
| >= 16              |     2 |
+--------------------+-------+
* Control sets can be remapped at either synth_design or opt_design


3. Flip-Flop Distribution
-------------------------

+--------------+-----------------------+------------------------+-----------------+--------------+
| Clock Enable | Synchronous Set/Reset | Asynchronous Set/Reset | Total Registers | Total Slices |
+--------------+-----------------------+------------------------+-----------------+--------------+
| No           | No                    | No                     |               9 |            7 |
| No           | No                    | Yes                    |               0 |            0 |
| No           | Yes                   | No                     |               4 |            4 |
| Yes          | No                    | No                     |               4 |            1 |
| Yes          | No                    | Yes                    |               0 |            0 |
| Yes          | Yes                   | No                     |              62 |           16 |
+--------------+-----------------------+------------------------+-----------------+--------------+


4. Detailed Control Set Information
-----------------------------------

+----------------+--------------------------------------------------+-------------------------------------------------+------------------+----------------+
|  Clock Signal  |                   Enable Signal                  |                 Set/Reset Signal                | Slice Load Count | Bel Load Count |
+----------------+--------------------------------------------------+-------------------------------------------------+------------------+----------------+
|  CLK_IBUF_BUFG |                                                  | UP_BTN_IBUF                                     |                1 |              1 |
|  CLK_IBUF_BUFG |                                                  | LEFT_BTN_IBUF                                   |                1 |              1 |
|  CLK_IBUF_BUFG |                                                  | DOWN_BTN_IBUF                                   |                1 |              1 |
|  CLK_IBUF_BUFG |                                                  | RIGHT_BTN_IBUF                                  |                1 |              1 |
|  CLK_IBUF_BUFG | MULT/design_1_i/servo_0/U0/ap_CS_fsm_reg_n_0_[0] |                                                 |                1 |              4 |
|  CLK_IBUF_BUFG |                                                  |                                                 |                7 |              9 |
|  CLK_IBUF_BUFG | MULT/design_1_i/DeBounce_1/U0/state              | MULT/design_1_i/DeBounce_1/U0/count[31]_i_1_n_0 |                8 |             31 |
|  CLK_IBUF_BUFG | MULT/design_1_i/DeBounce_0/U0/state              | MULT/design_1_i/DeBounce_0/U0/count[31]_i_1_n_0 |                8 |             31 |
+----------------+--------------------------------------------------+-------------------------------------------------+------------------+----------------+


